Using pre-set license
Built from '2021.2/staging' branch; Version is '2021.2.17f1 (efb8f635e7b1) revision 15710454'; Using compiler version '192829333'; Build Type 'Release'
OS: 'Windows 10  (10.0.19044) 64bit Professional' Language: 'pt' Physical Memory: 16292 MB
BatchMode: 1, IsHumanControllingUs: 0, StartBugReporterOnCrash: 0, Is64bit: 1, IsPro: 1

COMMAND LINE ARGUMENTS:
C:\Program Files\Unity\Hub\Editor\2021.2.17f1\Editor\Unity.exe
-adb2
-batchMode
-noUpm
-name
AssetImportWorker0
-projectPath
C:/Users/Pedro/Documents/Estacao7
-logFile
Logs/AssetImportWorker0.log
-srvPort
63929
Successfully changed project path to: C:/Users/Pedro/Documents/Estacao7
C:/Users/Pedro/Documents/Estacao7
[UnityMemory] Configuration Parameters - Can be set up in boot.config
    "memorysetup-bucket-allocator-granularity=16"
    "memorysetup-bucket-allocator-bucket-count=8"
    "memorysetup-bucket-allocator-block-size=33554432"
    "memorysetup-bucket-allocator-block-count=8"
    "memorysetup-main-allocator-block-size=16777216"
    "memorysetup-thread-allocator-block-size=16777216"
    "memorysetup-gfx-main-allocator-block-size=16777216"
    "memorysetup-gfx-thread-allocator-block-size=16777216"
    "memorysetup-cache-allocator-block-size=4194304"
    "memorysetup-typetree-allocator-block-size=2097152"
    "memorysetup-profiler-bucket-allocator-granularity=16"
    "memorysetup-profiler-bucket-allocator-bucket-count=8"
    "memorysetup-profiler-bucket-allocator-block-size=33554432"
    "memorysetup-profiler-bucket-allocator-block-count=8"
    "memorysetup-profiler-allocator-block-size=16777216"
    "memorysetup-profiler-editor-allocator-block-size=1048576"
    "memorysetup-temp-allocator-size-main=16777216"
    "memorysetup-job-temp-allocator-block-size=2097152"
    "memorysetup-job-temp-allocator-block-size-background=1048576"
    "memorysetup-job-temp-allocator-reduction-small-platforms=262144"
    "memorysetup-temp-allocator-size-background-worker=32768"
    "memorysetup-temp-allocator-size-job-worker=262144"
    "memorysetup-temp-allocator-size-preload-manager=33554432"
    "memorysetup-temp-allocator-size-nav-mesh-worker=65536"
    "memorysetup-temp-allocator-size-audio-worker=65536"
    "memorysetup-temp-allocator-size-cloud-worker=32768"
    "memorysetup-temp-allocator-size-gi-baking-worker=262144"
    "memorysetup-temp-allocator-size-gfx=262144"
Refreshing native plugins compatible for Editor in 35.26 ms, found 2 plugins.
Preloading 0 native plugins for Editor in 0.00 ms.
Initialize engine version: 2021.2.17f1 (efb8f635e7b1)
[Subsystems] Discovering subsystems at path C:/Program Files/Unity/Hub/Editor/2021.2.17f1/Editor/Data/Resources/UnitySubsystems
[Subsystems] Discovering subsystems at path C:/Users/Pedro/Documents/Estacao7/Assets
GfxDevice: creating device client; threaded=0; jobified=0
Direct3D:
    Version:  Direct3D 11.0 [level 11.1]
    Renderer: NVIDIA GeForce GTX 1660 Ti (ID=0x2182)
    Vendor:   NVIDIA
    VRAM:     5979 MB
    Driver:   31.0.15.2698
Initialize mono
Mono path[0] = 'C:/Program Files/Unity/Hub/Editor/2021.2.17f1/Editor/Data/Managed'
Mono path[1] = 'C:/Program Files/Unity/Hub/Editor/2021.2.17f1/Editor/Data/MonoBleedingEdge/lib/mono/unityjit-win32'
Mono config path = 'C:/Program Files/Unity/Hub/Editor/2021.2.17f1/Editor/Data/MonoBleedingEdge/etc'
Using monoOptions --debugger-agent=transport=dt_socket,embedding=1,server=y,suspend=n,address=127.0.0.1:56772
Begin MonoManager ReloadAssembly
Registering precompiled unity dll's ...
Register platform support module: C:/Program Files/Unity/Hub/Editor/2021.2.17f1/Editor/Data/PlaybackEngines/WebGLSupport/UnityEditor.WebGL.Extensions.dll
Register platform support module: C:/Program Files/Unity/Hub/Editor/2021.2.17f1/Editor/Data/PlaybackEngines/AndroidPlayer/UnityEditor.Android.Extensions.dll
Register platform support module: C:/Program Files/Unity/Hub/Editor/2021.2.17f1/Editor/Data/PlaybackEngines/iOSSupport/UnityEditor.iOS.Extensions.dll
Register platform support module: C:/Program Files/Unity/Hub/Editor/2021.2.17f1/Editor/Data/PlaybackEngines/WindowsStandaloneSupport/UnityEditor.WindowsStandalone.Extensions.dll
Register platform support module: C:/Program Files/Unity/Hub/Editor/2021.2.17f1/Editor/Data/PlaybackEngines/MetroSupport/UnityEditor.UWP.Extensions.dll
Registered in 0.014335 seconds.
Native extension for UWP target not found
Native extension for WindowsStandalone target not found
[usbmuxd] Start listen thread
[usbmuxd] Listen thread started
Native extension for iOS target not found
Native extension for Android target not found
Native extension for WebGL target not found
Refreshing native plugins compatible for Editor in 36.10 ms, found 2 plugins.
Preloading 0 native plugins for Editor in 0.00 ms.
Mono: successfully reloaded assembly
- Completed reload, in  0.718 seconds
Domain Reload Profiling:
	ReloadAssembly (719ms)
		BeginReloadAssembly (107ms)
			ExecutionOrderSort (0ms)
			DisableScriptedObjects (0ms)
			BackupInstance (0ms)
			ReleaseScriptingObjects (0ms)
			CreateAndSetChildDomain (1ms)
		EndReloadAssembly (480ms)
			LoadAssemblies (104ms)
			RebuildTransferFunctionScriptingTraits (0ms)
			SetupTypeCache (142ms)
			ReleaseScriptCaches (0ms)
			RebuildScriptCaches (30ms)
			SetupLoadedEditorAssemblies (254ms)
				LogAssemblyErrors (0ms)
				InitializePlatformSupportModulesInManaged (69ms)
				SetLoadedEditorAssemblies (2ms)
				RefreshPlugins (36ms)
				BeforeProcessingInitializeOnLoad (1ms)
				ProcessInitializeOnLoadAttributes (99ms)
				ProcessInitializeOnLoadMethodAttributes (46ms)
				AfterProcessingInitializeOnLoad (0ms)
				EditorAssembliesLoaded (0ms)
			ExecutionOrderSort2 (0ms)
			AwakeInstancesAfterBackupRestoration (0ms)
Platform modules already initialized, skipping
Registering precompiled user dll's ...
Registered in 0.004457 seconds.
Begin MonoManager ReloadAssembly
Native extension for UWP target not found
Native extension for WindowsStandalone target not found
Native extension for iOS target not found
Native extension for Android target not found
Native extension for WebGL target not found
Refreshing native plugins compatible for Editor in 0.38 ms, found 2 plugins.
Preloading 0 native plugins for Editor in 0.00 ms.
Mono: successfully reloaded assembly
- Completed reload, in  1.046 seconds
Domain Reload Profiling:
	ReloadAssembly (1047ms)
		BeginReloadAssembly (246ms)
			ExecutionOrderSort (0ms)
			DisableScriptedObjects (6ms)
			BackupInstance (0ms)
			ReleaseScriptingObjects (0ms)
			CreateAndSetChildDomain (134ms)
		EndReloadAssembly (678ms)
			LoadAssemblies (89ms)
			RebuildTransferFunctionScriptingTraits (0ms)
			SetupTypeCache (193ms)
			ReleaseScriptCaches (1ms)
			RebuildScriptCaches (46ms)
			SetupLoadedEditorAssemblies (320ms)
				LogAssemblyErrors (0ms)
				InitializePlatformSupportModulesInManaged (33ms)
				SetLoadedEditorAssemblies (0ms)
				RefreshPlugins (0ms)
				BeforeProcessingInitializeOnLoad (60ms)
				ProcessInitializeOnLoadAttributes (180ms)
				ProcessInitializeOnLoadMethodAttributes (36ms)
				AfterProcessingInitializeOnLoad (10ms)
				EditorAssembliesLoaded (0ms)
			ExecutionOrderSort2 (0ms)
			AwakeInstancesAfterBackupRestoration (6ms)
Platform modules already initialized, skipping
========================================================================
Worker process is ready to serve import requests
Launched and connected shader compiler UnityShaderCompiler.exe after 0.04 seconds
Refreshing native plugins compatible for Editor in 0.35 ms, found 2 plugins.
Preloading 0 native plugins for Editor in 0.00 ms.
Unloading 1715 Unused Serialized files (Serialized files now loaded: 0)
Unloading 20 unused Assets / (56.0 KB). Loaded Objects now: 2188.
Memory consumption went from 76.1 MB to 76.1 MB.
Total: 2.723900 ms (FindLiveObjects: 0.166700 ms CreateObjectMapping: 0.085500 ms MarkObjects: 2.408000 ms  DeleteObjects: 0.062900 ms)

AssetImportParameters requested are different than current active one (requested -> active):
  custom:video-decoder-ogg-theora: a1e56fd34408186e4bbccfd4996cb3dc -> 
  custom:container-muxer-webm: aa71ff27fc2769a1b78a27578f13a17b -> 
  custom:container-demuxer-webm: 4f35f7cbe854078d1ac9338744f61a02 -> 
  custom:video-encoder-webm-vp8: eb34c28f22e8b96e1ab97ce403110664 -> 
  custom:audio-encoder-webm-vorbis: bf7c407c2cedff20999df2af8eb42d56 -> 
  custom:framework-win-MediaFoundation: 216162199b28c13a410421893ffa2e32 -> 
  custom:container-demuxer-ogg: 62fdf1f143b41e24485cea50d1cbac27 -> 
  custom:video-decoder-webm-vp8: 9c59270c3fd7afecdb556c50c9e8de78 -> 
  custom:audio-decoder-ogg-vorbis: bf7c407c2cedff20999df2af8eb42d56 -> 
========================================================================
Received Import Request.
  Time since last request: 93479.530048 seconds.
  path: Assets/Editor/UI Colors.colors
  artifactKey: Guid(7216248c403cc2c46b0fd2e03944075c) Importer(815301076,1909f56bfc062723c751e8b465ee728b)
Start importing Assets/Editor/UI Colors.colors using Guid(7216248c403cc2c46b0fd2e03944075c) Importer(815301076,1909f56bfc062723c751e8b465ee728b)  -> (artifact id: '1d8685205d025ee511813061e36aeb65') in 0.030888 seconds 
========================================================================
Received Import Request.
  Time since last request: 0.374311 seconds.
  path: Assets/Carros/Cliente 1.prefab
  artifactKey: Guid(cdbe59d89731f1641a5304679c5abca9) Importer(815301076,1909f56bfc062723c751e8b465ee728b)
Start importing Assets/Carros/Cliente 1.prefab using Guid(cdbe59d89731f1641a5304679c5abca9) Importer(815301076,1909f56bfc062723c751e8b465ee728b)  -> (artifact id: 'a7b8bf9dba24096f4ab09c78c4123430') in 0.299432 seconds 
========================================================================
Received Import Request.
  Time since last request: 0.000018 seconds.
  path: Assets/Carros/Cliente 5.prefab
  artifactKey: Guid(05b9f3922b5f2514a970f831d7ddaf66) Importer(815301076,1909f56bfc062723c751e8b465ee728b)
Start importing Assets/Carros/Cliente 5.prefab using Guid(05b9f3922b5f2514a970f831d7ddaf66) Importer(815301076,1909f56bfc062723c751e8b465ee728b)  -> (artifact id: 'b05278fde104f2dc760a85bb1c00b226') in 0.012607 seconds 
========================================================================
Received Import Request.
  Time since last request: 0.000021 seconds.
  path: Assets/Carros/Cliente 16.prefab
  artifactKey: Guid(cbc028ae5b6235f49824e94b79bc5c1e) Importer(815301076,1909f56bfc062723c751e8b465ee728b)
Start importing Assets/Carros/Cliente 16.prefab using Guid(cbc028ae5b6235f49824e94b79bc5c1e) Importer(815301076,1909f56bfc062723c751e8b465ee728b)  -> (artifact id: '2654cd90da5a5f8ac15455d49acd2cce') in 0.011611 seconds 
========================================================================
Received Import Request.
  Time since last request: 0.000014 seconds.
  path: Assets/Carros/Cliente 8.prefab
  artifactKey: Guid(71b65654a82483c47886dd5c7fc9ce38) Importer(815301076,1909f56bfc062723c751e8b465ee728b)
Start importing Assets/Carros/Cliente 8.prefab using Guid(71b65654a82483c47886dd5c7fc9ce38) Importer(815301076,1909f56bfc062723c751e8b465ee728b)  -> (artifact id: 'b931d3ea667b950c33dd356179d3f807') in 0.010001 seconds 
========================================================================
Received Import Request.
  Time since last request: 0.000017 seconds.
  path: Assets/Carros/Cliente 19.prefab
  artifactKey: Guid(442d196c8392d734c9b94581cf9e90ec) Importer(815301076,1909f56bfc062723c751e8b465ee728b)
Start importing Assets/Carros/Cliente 19.prefab using Guid(442d196c8392d734c9b94581cf9e90ec) Importer(815301076,1909f56bfc062723c751e8b465ee728b)  -> (artifact id: 'af3170492af78361d75afde06759474f') in 0.011414 seconds 
========================================================================
Received Import Request.
  Time since last request: 0.000016 seconds.
  path: Assets/Carros/Cliente 3.prefab
  artifactKey: Guid(a11cac401fbf5934c8b424894b4c14c7) Importer(815301076,1909f56bfc062723c751e8b465ee728b)
Start importing Assets/Carros/Cliente 3.prefab using Guid(a11cac401fbf5934c8b424894b4c14c7) Importer(815301076,1909f56bfc062723c751e8b465ee728b)  -> (artifact id: 'b291351c1d7325404ded5df07cc78281') in 0.016619 seconds 
========================================================================
Received Import Request.
  Time since last request: 0.000017 seconds.
  path: Assets/Carros/Cliente 4.prefab
  artifactKey: Guid(38a0003dd27506248a6877149db3f215) Importer(815301076,1909f56bfc062723c751e8b465ee728b)
Start importing Assets/Carros/Cliente 4.prefab using Guid(38a0003dd27506248a6877149db3f215) Importer(815301076,1909f56bfc062723c751e8b465ee728b)  -> (artifact id: '8f554a7371e867e411ae684949cddb6c') in 0.013420 seconds 
========================================================================
Received Import Request.
  Time since last request: 0.000020 seconds.
  path: Assets/Audios/CashMoney_Sound_Effect.mp3
  artifactKey: Guid(a910899a74e775143804c76a5ed2e09f) Importer(815301076,1909f56bfc062723c751e8b465ee728b)
Start importing Assets/Audios/CashMoney_Sound_Effect.mp3 using Guid(a910899a74e775143804c76a5ed2e09f) Importer(815301076,1909f56bfc062723c751e8b465ee728b)  -> (artifact id: 'd9e26e07a292e651d14f2733f32ebce1') in 0.033773 seconds 
========================================================================
Received Import Request.
  Time since last request: 0.000019 seconds.
  path: Assets/Audios/Grr.mp3
  artifactKey: Guid(75d9fda300a972d419b37f280cc1f278) Importer(815301076,1909f56bfc062723c751e8b465ee728b)
Start importing Assets/Audios/Grr.mp3 using Guid(75d9fda300a972d419b37f280cc1f278) Importer(815301076,1909f56bfc062723c751e8b465ee728b)  -> (artifact id: '795bcf75d5847b7ea5299cb566d91cee') in 0.007685 seconds 
========================================================================
Received Import Request.
  Time since last request: 0.000025 seconds.
  path: Assets/Audios/loja.mp3
  artifactKey: Guid(c8ced37e97b1eab4f98c21352dea2c56) Importer(815301076,1909f56bfc062723c751e8b465ee728b)
Start importing Assets/Audios/loja.mp3 using Guid(c8ced37e97b1eab4f98c21352dea2c56) Importer(815301076,1909f56bfc062723c751e8b465ee728b)  -> (artifact id: '8c186f0f2e229c673e304053e0d94498') in 0.010321 seconds 
========================================================================
Received Import Request.
  Time since last request: 0.000021 seconds.
  path: Assets/Carros/Cliente 22.prefab
  artifactKey: Guid(562feb19366fe334d8bbd08175d0f079) Importer(815301076,1909f56bfc062723c751e8b465ee728b)
Start importing Assets/Carros/Cliente 22.prefab using Guid(562feb19366fe334d8bbd08175d0f079) Importer(815301076,1909f56bfc062723c751e8b465ee728b)  -> (artifact id: '9f1ecdfefa2186e21b581f8a180b9ce6') in 0.012480 seconds 
========================================================================
Received Import Request.
  Time since last request: 0.000028 seconds.
  path: Assets/Carros/Cliente 20.prefab
  artifactKey: Guid(de89bac690a2de44c9a798cd4684c211) Importer(815301076,1909f56bfc062723c751e8b465ee728b)
Start importing Assets/Carros/Cliente 20.prefab using Guid(de89bac690a2de44c9a798cd4684c211) Importer(815301076,1909f56bfc062723c751e8b465ee728b)  -> (artifact id: '22156059efc269fb1b9a7d48293b4a2f') in 0.012085 seconds 
========================================================================
Received Import Request.
  Time since last request: 0.000019 seconds.
  path: Assets/Audios/musicaFundo.mp3
  artifactKey: Guid(d8130ad9c032ce24db1b181fe9731520) Importer(815301076,1909f56bfc062723c751e8b465ee728b)
Start importing Assets/Audios/musicaFundo.mp3 using Guid(d8130ad9c032ce24db1b181fe9731520) Importer(815301076,1909f56bfc062723c751e8b465ee728b)  -> (artifact id: '2e0fd3e7eb1741f87cb7025135978ea1') in 0.007549 seconds 
========================================================================
Received Import Request.
  Time since last request: 0.000020 seconds.
  path: Assets/Carros/Cliente 9.prefab
  artifactKey: Guid(2e0d07feafc921e4b8fd20c9b5848e8d) Importer(815301076,1909f56bfc062723c751e8b465ee728b)
Start importing Assets/Carros/Cliente 9.prefab using Guid(2e0d07feafc921e4b8fd20c9b5848e8d) Importer(815301076,1909f56bfc062723c751e8b465ee728b)  -> (artifact id: 'd970a139773d6a3990617093008b8d45') in 0.011489 seconds 
========================================================================
Received Import Request.
  Time since last request: 0.000018 seconds.
  path: Assets/Carros/Cliente 24.prefab
  artifactKey: Guid(2a3bc45369ba27640a310d6da0a24301) Importer(815301076,1909f56bfc062723c751e8b465ee728b)
Start importing Assets/Carros/Cliente 24.prefab using Guid(2a3bc45369ba27640a310d6da0a24301) Importer(815301076,1909f56bfc062723c751e8b465ee728b)  -> (artifact id: 'd7311615eb78156c59fd4de07e5e3fce') in 0.010444 seconds 
========================================================================
Received Import Request.
  Time since last request: 0.000028 seconds.
  path: Assets/Carros/Cliente 10.prefab
  artifactKey: Guid(679a3e5269536a04c9996211de50732e) Importer(815301076,1909f56bfc062723c751e8b465ee728b)
Start importing Assets/Carros/Cliente 10.prefab using Guid(679a3e5269536a04c9996211de50732e) Importer(815301076,1909f56bfc062723c751e8b465ee728b)  -> (artifact id: 'f95b6474b893de034bb3fe47a5871d9d') in 0.011083 seconds 
========================================================================
Received Import Request.
  Time since last request: 0.000033 seconds.
  path: Assets/Carros/Cliente 7.prefab
  artifactKey: Guid(16861bead38422746a1750ff6a1bb555) Importer(815301076,1909f56bfc062723c751e8b465ee728b)
Start importing Assets/Carros/Cliente 7.prefab using Guid(16861bead38422746a1750ff6a1bb555) Importer(815301076,1909f56bfc062723c751e8b465ee728b)  -> (artifact id: 'f31c6caa080d28cc9e0c53d9a9ee4bae') in 0.010272 seconds 
========================================================================
Received Import Request.
  Time since last request: 0.000019 seconds.
  path: Assets/Audios/som  mecanico.mp3
  artifactKey: Guid(5635c097c5931ca4aa91e5f0a3e846b9) Importer(815301076,1909f56bfc062723c751e8b465ee728b)
Start importing Assets/Audios/som  mecanico.mp3 using Guid(5635c097c5931ca4aa91e5f0a3e846b9) Importer(815301076,1909f56bfc062723c751e8b465ee728b)  -> (artifact id: 'c5935c3349e12f581fce87695e4048bc') in 0.007601 seconds 
========================================================================
Received Import Request.
  Time since last request: 0.454290 seconds.
  path: Assets/Imagens/4lan dedinho.png
  artifactKey: Guid(5479ba2ed80825448927abb3f1dff5d0) Importer(815301076,1909f56bfc062723c751e8b465ee728b)
Start importing Assets/Imagens/4lan dedinho.png using Guid(5479ba2ed80825448927abb3f1dff5d0) Importer(815301076,1909f56bfc062723c751e8b465ee728b)  -> (artifact id: 'a6f7b1dd2d1c8838d050b03a67508fbe') in 0.161965 seconds 
========================================================================
Received Import Request.
  Time since last request: 0.000027 seconds.
  path: Assets/Imagens/Gerente_Icon.png
  artifactKey: Guid(4cfae25220ef7a74183c77090a4fc45a) Importer(815301076,1909f56bfc062723c751e8b465ee728b)
Start importing Assets/Imagens/Gerente_Icon.png using Guid(4cfae25220ef7a74183c77090a4fc45a) Importer(815301076,1909f56bfc062723c751e8b465ee728b)  -> (artifact id: 'b86068cd09d7e51403bc248c25d1bff6') in 0.024780 seconds 
========================================================================
Received Import Request.
  Time since last request: 0.000035 seconds.
  path: Assets/Imagens/Cursor.png
  artifactKey: Guid(bbfb6eb3bd241354f9935252a69fccfb) Importer(815301076,1909f56bfc062723c751e8b465ee728b)
Start importing Assets/Imagens/Cursor.png using Guid(bbfb6eb3bd241354f9935252a69fccfb) Importer(815301076,1909f56bfc062723c751e8b465ee728b)  -> (artifact id: 'a44716173e784120088be30f61141821') in 0.009022 seconds 
========================================================================
Received Import Request.
  Time since last request: 0.000022 seconds.
  path: Assets/Imagens/logo.png
  artifactKey: Guid(d63b1e4e6c0c89645b97a1ce2d37e714) Importer(815301076,1909f56bfc062723c751e8b465ee728b)
Start importing Assets/Imagens/logo.png using Guid(d63b1e4e6c0c89645b97a1ce2d37e714) Importer(815301076,1909f56bfc062723c751e8b465ee728b)  -> (artifact id: 'a759c05f434fc408fefd5ccfccce0656') in 0.040455 seconds 
Editor requested this worker to shutdown with reason: Scaling down because of idle timeout
AssetImportWorker is now disconnected from the server
Process exiting
Exiting without the bug reporter. Application will terminate with return code 0