Using pre-set license
Built from '2021.2/staging' branch; Version is '2021.2.17f1 (efb8f635e7b1) revision 15710454'; Using compiler version '192829333'; Build Type 'Release'
OS: 'Windows 10  (10.0.19044) 64bit Professional' Language: 'pt' Physical Memory: 16292 MB
BatchMode: 1, IsHumanControllingUs: 0, StartBugReporterOnCrash: 0, Is64bit: 1, IsPro: 1

COMMAND LINE ARGUMENTS:
C:\Program Files\Unity\Hub\Editor\2021.2.17f1\Editor\Unity.exe
-adb2
-batchMode
-noUpm
-name
AssetImportWorker0
-projectPath
C:/Users/Pedro/Documents/Estacao7
-logFile
Logs/AssetImportWorker0.log
-srvPort
58507
Successfully changed project path to: C:/Users/Pedro/Documents/Estacao7
C:/Users/Pedro/Documents/Estacao7
[UnityMemory] Configuration Parameters - Can be set up in boot.config
    "memorysetup-bucket-allocator-granularity=16"
    "memorysetup-bucket-allocator-bucket-count=8"
    "memorysetup-bucket-allocator-block-size=33554432"
    "memorysetup-bucket-allocator-block-count=8"
    "memorysetup-main-allocator-block-size=16777216"
    "memorysetup-thread-allocator-block-size=16777216"
    "memorysetup-gfx-main-allocator-block-size=16777216"
    "memorysetup-gfx-thread-allocator-block-size=16777216"
    "memorysetup-cache-allocator-block-size=4194304"
    "memorysetup-typetree-allocator-block-size=2097152"
    "memorysetup-profiler-bucket-allocator-granularity=16"
    "memorysetup-profiler-bucket-allocator-bucket-count=8"
    "memorysetup-profiler-bucket-allocator-block-size=33554432"
    "memorysetup-profiler-bucket-allocator-block-count=8"
    "memorysetup-profiler-allocator-block-size=16777216"
    "memorysetup-profiler-editor-allocator-block-size=1048576"
    "memorysetup-temp-allocator-size-main=16777216"
    "memorysetup-job-temp-allocator-block-size=2097152"
    "memorysetup-job-temp-allocator-block-size-background=1048576"
    "memorysetup-job-temp-allocator-reduction-small-platforms=262144"
    "memorysetup-temp-allocator-size-background-worker=32768"
    "memorysetup-temp-allocator-size-job-worker=262144"
    "memorysetup-temp-allocator-size-preload-manager=33554432"
    "memorysetup-temp-allocator-size-nav-mesh-worker=65536"
    "memorysetup-temp-allocator-size-audio-worker=65536"
    "memorysetup-temp-allocator-size-cloud-worker=32768"
    "memorysetup-temp-allocator-size-gi-baking-worker=262144"
    "memorysetup-temp-allocator-size-gfx=262144"
Refreshing native plugins compatible for Editor in 45.41 ms, found 2 plugins.
Preloading 0 native plugins for Editor in 0.00 ms.
Initialize engine version: 2021.2.17f1 (efb8f635e7b1)
[Subsystems] Discovering subsystems at path C:/Program Files/Unity/Hub/Editor/2021.2.17f1/Editor/Data/Resources/UnitySubsystems
[Subsystems] Discovering subsystems at path C:/Users/Pedro/Documents/Estacao7/Assets
GfxDevice: creating device client; threaded=0; jobified=0
Direct3D:
    Version:  Direct3D 11.0 [level 11.1]
    Renderer: NVIDIA GeForce GTX 1660 Ti (ID=0x2182)
    Vendor:   NVIDIA
    VRAM:     5979 MB
    Driver:   31.0.15.2698
Initialize mono
Mono path[0] = 'C:/Program Files/Unity/Hub/Editor/2021.2.17f1/Editor/Data/Managed'
Mono path[1] = 'C:/Program Files/Unity/Hub/Editor/2021.2.17f1/Editor/Data/MonoBleedingEdge/lib/mono/unityjit-win32'
Mono config path = 'C:/Program Files/Unity/Hub/Editor/2021.2.17f1/Editor/Data/MonoBleedingEdge/etc'
Using monoOptions --debugger-agent=transport=dt_socket,embedding=1,server=y,suspend=n,address=127.0.0.1:56820
Begin MonoManager ReloadAssembly
Registering precompiled unity dll's ...
Register platform support module: C:/Program Files/Unity/Hub/Editor/2021.2.17f1/Editor/Data/PlaybackEngines/WebGLSupport/UnityEditor.WebGL.Extensions.dll
Register platform support module: C:/Program Files/Unity/Hub/Editor/2021.2.17f1/Editor/Data/PlaybackEngines/AndroidPlayer/UnityEditor.Android.Extensions.dll
Register platform support module: C:/Program Files/Unity/Hub/Editor/2021.2.17f1/Editor/Data/PlaybackEngines/iOSSupport/UnityEditor.iOS.Extensions.dll
Register platform support module: C:/Program Files/Unity/Hub/Editor/2021.2.17f1/Editor/Data/PlaybackEngines/WindowsStandaloneSupport/UnityEditor.WindowsStandalone.Extensions.dll
Register platform support module: C:/Program Files/Unity/Hub/Editor/2021.2.17f1/Editor/Data/PlaybackEngines/MetroSupport/UnityEditor.UWP.Extensions.dll
Registered in 0.029604 seconds.
Native extension for UWP target not found
Native extension for WindowsStandalone target not found
[usbmuxd] Start listen thread
[usbmuxd] Listen thread started
Native extension for iOS target not found
Native extension for Android target not found
Native extension for WebGL target not found
Refreshing native plugins compatible for Editor in 39.98 ms, found 2 plugins.
Preloading 0 native plugins for Editor in 0.00 ms.
Mono: successfully reloaded assembly
- Completed reload, in  0.923 seconds
Domain Reload Profiling:
	ReloadAssembly (923ms)
		BeginReloadAssembly (110ms)
			ExecutionOrderSort (0ms)
			DisableScriptedObjects (0ms)
			BackupInstance (0ms)
			ReleaseScriptingObjects (0ms)
			CreateAndSetChildDomain (1ms)
		EndReloadAssembly (546ms)
			LoadAssemblies (108ms)
			RebuildTransferFunctionScriptingTraits (0ms)
			SetupTypeCache (190ms)
			ReleaseScriptCaches (0ms)
			RebuildScriptCaches (31ms)
			SetupLoadedEditorAssemblies (256ms)
				LogAssemblyErrors (0ms)
				InitializePlatformSupportModulesInManaged (69ms)
				SetLoadedEditorAssemblies (0ms)
				RefreshPlugins (40ms)
				BeforeProcessingInitializeOnLoad (1ms)
				ProcessInitializeOnLoadAttributes (97ms)
				ProcessInitializeOnLoadMethodAttributes (48ms)
				AfterProcessingInitializeOnLoad (0ms)
				EditorAssembliesLoaded (0ms)
			ExecutionOrderSort2 (0ms)
			AwakeInstancesAfterBackupRestoration (0ms)
Platform modules already initialized, skipping
Registering precompiled user dll's ...
Registered in 0.003072 seconds.
Begin MonoManager ReloadAssembly
Native extension for UWP target not found
Native extension for WindowsStandalone target not found
Native extension for iOS target not found
Native extension for Android target not found
Native extension for WebGL target not found
Refreshing native plugins compatible for Editor in 0.50 ms, found 2 plugins.
Preloading 0 native plugins for Editor in 0.00 ms.
Mono: successfully reloaded assembly
- Completed reload, in  1.171 seconds
Domain Reload Profiling:
	ReloadAssembly (1172ms)
		BeginReloadAssembly (232ms)
			ExecutionOrderSort (0ms)
			DisableScriptedObjects (9ms)
			BackupInstance (0ms)
			ReleaseScriptingObjects (0ms)
			CreateAndSetChildDomain (125ms)
		EndReloadAssembly (814ms)
			LoadAssemblies (76ms)
			RebuildTransferFunctionScriptingTraits (0ms)
			SetupTypeCache (219ms)
			ReleaseScriptCaches (1ms)
			RebuildScriptCaches (57ms)
			SetupLoadedEditorAssemblies (403ms)
				LogAssemblyErrors (0ms)
				InitializePlatformSupportModulesInManaged (41ms)
				SetLoadedEditorAssemblies (0ms)
				RefreshPlugins (1ms)
				BeforeProcessingInitializeOnLoad (68ms)
				ProcessInitializeOnLoadAttributes (247ms)
				ProcessInitializeOnLoadMethodAttributes (35ms)
				AfterProcessingInitializeOnLoad (11ms)
				EditorAssembliesLoaded (0ms)
			ExecutionOrderSort2 (0ms)
			AwakeInstancesAfterBackupRestoration (9ms)
Platform modules already initialized, skipping
========================================================================
Worker process is ready to serve import requests
Launched and connected shader compiler UnityShaderCompiler.exe after 0.04 seconds
Refreshing native plugins compatible for Editor in 0.38 ms, found 2 plugins.
Preloading 0 native plugins for Editor in 0.00 ms.
Unloading 1715 Unused Serialized files (Serialized files now loaded: 0)
Unloading 20 unused Assets / (56.0 KB). Loaded Objects now: 2188.
Memory consumption went from 76.1 MB to 76.1 MB.
Total: 2.537400 ms (FindLiveObjects: 0.170500 ms CreateObjectMapping: 0.075100 ms MarkObjects: 2.221900 ms  DeleteObjects: 0.068700 ms)

AssetImportParameters requested are different than current active one (requested -> active):
  custom:video-decoder-ogg-theora: a1e56fd34408186e4bbccfd4996cb3dc -> 
  custom:container-muxer-webm: aa71ff27fc2769a1b78a27578f13a17b -> 
  custom:container-demuxer-webm: 4f35f7cbe854078d1ac9338744f61a02 -> 
  custom:video-encoder-webm-vp8: eb34c28f22e8b96e1ab97ce403110664 -> 
  custom:audio-encoder-webm-vorbis: bf7c407c2cedff20999df2af8eb42d56 -> 
  custom:framework-win-MediaFoundation: 216162199b28c13a410421893ffa2e32 -> 
  custom:container-demuxer-ogg: 62fdf1f143b41e24485cea50d1cbac27 -> 
  custom:video-decoder-webm-vp8: 9c59270c3fd7afecdb556c50c9e8de78 -> 
  custom:audio-decoder-ogg-vorbis: bf7c407c2cedff20999df2af8eb42d56 -> 
========================================================================
Received Import Request.
  Time since last request: 131806.315180 seconds.
  path: Assets/Materiais/Smoke_Mat.mat
  artifactKey: Guid(7cf727925fe1f634796578adc61a1932) Importer(815301076,1909f56bfc062723c751e8b465ee728b)
Start importing Assets/Materiais/Smoke_Mat.mat using Guid(7cf727925fe1f634796578adc61a1932) Importer(815301076,1909f56bfc062723c751e8b465ee728b)  -> (artifact id: '0c75f30346a2e7756e1210b5b8848ad6') in 1.080221 seconds 
========================================================================
Received Import Request.
  Time since last request: 0.000040 seconds.
  path: Assets/Materiais/Preto.mat
  artifactKey: Guid(e94ee2a5843d35e49be288b971c5b739) Importer(815301076,1909f56bfc062723c751e8b465ee728b)
Start importing Assets/Materiais/Preto.mat using Guid(e94ee2a5843d35e49be288b971c5b739) Importer(815301076,1909f56bfc062723c751e8b465ee728b)  -> (artifact id: 'e2da777bfdb75ac1d27d9247e2e96b01') in 0.233493 seconds 
========================================================================
Received Import Request.
  Time since last request: 501.591173 seconds.
  path: Assets/Particulas_ti/Moedas.prefab
  artifactKey: Guid(5c3706878de405a45bf462d8c39ca2dc) Importer(815301076,1909f56bfc062723c751e8b465ee728b)
Start importing Assets/Particulas_ti/Moedas.prefab using Guid(5c3706878de405a45bf462d8c39ca2dc) Importer(815301076,1909f56bfc062723c751e8b465ee728b)  -> (artifact id: '3d459850f0ea6a222831347995aec450') in 0.052845 seconds 
========================================================================
Received Prepare
Registering precompiled user dll's ...
Registered in 0.002834 seconds.
Begin MonoManager ReloadAssembly
Native extension for UWP target not found
Native extension for WindowsStandalone target not found
Native extension for iOS target not found
Native extension for Android target not found
Native extension for WebGL target not found
Refreshing native plugins compatible for Editor in 0.68 ms, found 2 plugins.
Preloading 0 native plugins for Editor in 0.00 ms.
Mono: successfully reloaded assembly
- Completed reload, in  1.039 seconds
Domain Reload Profiling:
	ReloadAssembly (1040ms)
		BeginReloadAssembly (163ms)
			ExecutionOrderSort (0ms)
			DisableScriptedObjects (7ms)
			BackupInstance (0ms)
			ReleaseScriptingObjects (0ms)
			CreateAndSetChildDomain (39ms)
		EndReloadAssembly (764ms)
			LoadAssemblies (99ms)
			RebuildTransferFunctionScriptingTraits (0ms)
			SetupTypeCache (213ms)
			ReleaseScriptCaches (1ms)
			RebuildScriptCaches (42ms)
			SetupLoadedEditorAssemblies (373ms)
				LogAssemblyErrors (0ms)
				InitializePlatformSupportModulesInManaged (43ms)
				SetLoadedEditorAssemblies (1ms)
				RefreshPlugins (1ms)
				BeforeProcessingInitializeOnLoad (57ms)
				ProcessInitializeOnLoadAttributes (221ms)
				ProcessInitializeOnLoadMethodAttributes (37ms)
				AfterProcessingInitializeOnLoad (14ms)
				EditorAssembliesLoaded (0ms)
			ExecutionOrderSort2 (0ms)
			AwakeInstancesAfterBackupRestoration (13ms)
Platform modules already initialized, skipping
Refreshing native plugins compatible for Editor in 1.44 ms, found 2 plugins.
Preloading 0 native plugins for Editor in 0.00 ms.
Unloading 1694 Unused Serialized files (Serialized files now loaded: 0)
Unloading 9 unused Assets / (24.7 KB). Loaded Objects now: 2232.
Memory consumption went from 78.7 MB to 78.7 MB.
Total: 2.607000 ms (FindLiveObjects: 0.166800 ms CreateObjectMapping: 0.076800 ms MarkObjects: 2.345600 ms  DeleteObjects: 0.016800 ms)

AssetImportParameters requested are different than current active one (requested -> active):
  custom:video-decoder-ogg-theora: a1e56fd34408186e4bbccfd4996cb3dc -> 
  custom:container-muxer-webm: aa71ff27fc2769a1b78a27578f13a17b -> 
  custom:container-demuxer-webm: 4f35f7cbe854078d1ac9338744f61a02 -> 
  custom:video-encoder-webm-vp8: eb34c28f22e8b96e1ab97ce403110664 -> 
  custom:audio-encoder-webm-vorbis: bf7c407c2cedff20999df2af8eb42d56 -> 
  custom:framework-win-MediaFoundation: 216162199b28c13a410421893ffa2e32 -> 
  custom:container-demuxer-ogg: 62fdf1f143b41e24485cea50d1cbac27 -> 
  custom:video-decoder-webm-vp8: 9c59270c3fd7afecdb556c50c9e8de78 -> 
  custom:audio-decoder-ogg-vorbis: bf7c407c2cedff20999df2af8eb42d56 -> 
========================================================================
Received Prepare
Registering precompiled user dll's ...
Registered in 0.002688 seconds.
Begin MonoManager ReloadAssembly
Native extension for UWP target not found
Native extension for WindowsStandalone target not found
Native extension for iOS target not found
Native extension for Android target not found
Native extension for WebGL target not found
Refreshing native plugins compatible for Editor in 0.64 ms, found 2 plugins.
Preloading 0 native plugins for Editor in 0.00 ms.
Mono: successfully reloaded assembly
- Completed reload, in  0.985 seconds
Domain Reload Profiling:
	ReloadAssembly (985ms)
		BeginReloadAssembly (142ms)
			ExecutionOrderSort (0ms)
			DisableScriptedObjects (8ms)
			BackupInstance (0ms)
			ReleaseScriptingObjects (0ms)
			CreateAndSetChildDomain (31ms)
		EndReloadAssembly (736ms)
			LoadAssemblies (95ms)
			RebuildTransferFunctionScriptingTraits (0ms)
			SetupTypeCache (200ms)
			ReleaseScriptCaches (1ms)
			RebuildScriptCaches (45ms)
			SetupLoadedEditorAssemblies (360ms)
				LogAssemblyErrors (0ms)
				InitializePlatformSupportModulesInManaged (41ms)
				SetLoadedEditorAssemblies (1ms)
				RefreshPlugins (1ms)
				BeforeProcessingInitializeOnLoad (55ms)
				ProcessInitializeOnLoadAttributes (209ms)
				ProcessInitializeOnLoadMethodAttributes (39ms)
				AfterProcessingInitializeOnLoad (14ms)
				EditorAssembliesLoaded (0ms)
			ExecutionOrderSort2 (0ms)
			AwakeInstancesAfterBackupRestoration (8ms)
Platform modules already initialized, skipping
Refreshing native plugins compatible for Editor in 1.54 ms, found 2 plugins.
Preloading 0 native plugins for Editor in 0.00 ms.
Unloading 1694 Unused Serialized files (Serialized files now loaded: 0)
Unloading 9 unused Assets / (24.7 KB). Loaded Objects now: 2235.
Memory consumption went from 78.8 MB to 78.7 MB.
Total: 2.289400 ms (FindLiveObjects: 0.144500 ms CreateObjectMapping: 0.067800 ms MarkObjects: 2.063500 ms  DeleteObjects: 0.012700 ms)

AssetImportParameters requested are different than current active one (requested -> active):
  custom:video-decoder-ogg-theora: a1e56fd34408186e4bbccfd4996cb3dc -> 
  custom:container-muxer-webm: aa71ff27fc2769a1b78a27578f13a17b -> 
  custom:container-demuxer-webm: 4f35f7cbe854078d1ac9338744f61a02 -> 
  custom:video-encoder-webm-vp8: eb34c28f22e8b96e1ab97ce403110664 -> 
  custom:audio-encoder-webm-vorbis: bf7c407c2cedff20999df2af8eb42d56 -> 
  custom:framework-win-MediaFoundation: 216162199b28c13a410421893ffa2e32 -> 
  custom:container-demuxer-ogg: 62fdf1f143b41e24485cea50d1cbac27 -> 
  custom:video-decoder-webm-vp8: 9c59270c3fd7afecdb556c50c9e8de78 -> 
  custom:audio-decoder-ogg-vorbis: bf7c407c2cedff20999df2af8eb42d56 -> 
========================================================================
Received Prepare
Registering precompiled user dll's ...
Registered in 0.002727 seconds.
Begin MonoManager ReloadAssembly
Native extension for UWP target not found
Native extension for WindowsStandalone target not found
Native extension for iOS target not found
Native extension for Android target not found
Native extension for WebGL target not found
Refreshing native plugins compatible for Editor in 0.37 ms, found 2 plugins.
Preloading 0 native plugins for Editor in 0.00 ms.
Mono: successfully reloaded assembly
- Completed reload, in  0.976 seconds
Domain Reload Profiling:
	ReloadAssembly (977ms)
		BeginReloadAssembly (140ms)
			ExecutionOrderSort (0ms)
			DisableScriptedObjects (8ms)
			BackupInstance (0ms)
			ReleaseScriptingObjects (0ms)
			CreateAndSetChildDomain (33ms)
		EndReloadAssembly (730ms)
			LoadAssemblies (86ms)
			RebuildTransferFunctionScriptingTraits (0ms)
			SetupTypeCache (201ms)
			ReleaseScriptCaches (1ms)
			RebuildScriptCaches (43ms)
			SetupLoadedEditorAssemblies (357ms)
				LogAssemblyErrors (0ms)
				InitializePlatformSupportModulesInManaged (38ms)
				SetLoadedEditorAssemblies (0ms)
				RefreshPlugins (0ms)
				BeforeProcessingInitializeOnLoad (60ms)
				ProcessInitializeOnLoadAttributes (209ms)
				ProcessInitializeOnLoadMethodAttributes (35ms)
				AfterProcessingInitializeOnLoad (14ms)
				EditorAssembliesLoaded (0ms)
			ExecutionOrderSort2 (0ms)
			AwakeInstancesAfterBackupRestoration (8ms)
Platform modules already initialized, skipping
Refreshing native plugins compatible for Editor in 1.75 ms, found 2 plugins.
Preloading 0 native plugins for Editor in 0.00 ms.
Unloading 1694 Unused Serialized files (Serialized files now loaded: 0)
Unloading 9 unused Assets / (24.7 KB). Loaded Objects now: 2238.
Memory consumption went from 78.8 MB to 78.7 MB.
Total: 2.848100 ms (FindLiveObjects: 0.195600 ms CreateObjectMapping: 0.128100 ms MarkObjects: 2.507400 ms  DeleteObjects: 0.016100 ms)

AssetImportParameters requested are different than current active one (requested -> active):
  custom:video-decoder-ogg-theora: a1e56fd34408186e4bbccfd4996cb3dc -> 
  custom:container-muxer-webm: aa71ff27fc2769a1b78a27578f13a17b -> 
  custom:container-demuxer-webm: 4f35f7cbe854078d1ac9338744f61a02 -> 
  custom:video-encoder-webm-vp8: eb34c28f22e8b96e1ab97ce403110664 -> 
  custom:audio-encoder-webm-vorbis: bf7c407c2cedff20999df2af8eb42d56 -> 
  custom:framework-win-MediaFoundation: 216162199b28c13a410421893ffa2e32 -> 
  custom:container-demuxer-ogg: 62fdf1f143b41e24485cea50d1cbac27 -> 
  custom:video-decoder-webm-vp8: 9c59270c3fd7afecdb556c50c9e8de78 -> 
  custom:audio-decoder-ogg-vorbis: bf7c407c2cedff20999df2af8eb42d56 -> 
========================================================================
Received Prepare
Registering precompiled user dll's ...
Registered in 0.002778 seconds.
Begin MonoManager ReloadAssembly
Native extension for UWP target not found
Native extension for WindowsStandalone target not found
Native extension for iOS target not found
Native extension for Android target not found
Native extension for WebGL target not found
Refreshing native plugins compatible for Editor in 0.37 ms, found 2 plugins.
Preloading 0 native plugins for Editor in 0.00 ms.
Mono: successfully reloaded assembly
- Completed reload, in  0.981 seconds
Domain Reload Profiling:
	ReloadAssembly (982ms)
		BeginReloadAssembly (138ms)
			ExecutionOrderSort (0ms)
			DisableScriptedObjects (8ms)
			BackupInstance (0ms)
			ReleaseScriptingObjects (0ms)
			CreateAndSetChildDomain (30ms)
		EndReloadAssembly (730ms)
			LoadAssemblies (88ms)
			RebuildTransferFunctionScriptingTraits (0ms)
			SetupTypeCache (195ms)
			ReleaseScriptCaches (1ms)
			RebuildScriptCaches (43ms)
			SetupLoadedEditorAssemblies (335ms)
				LogAssemblyErrors (0ms)
				InitializePlatformSupportModulesInManaged (42ms)
				SetLoadedEditorAssemblies (0ms)
				RefreshPlugins (0ms)
				BeforeProcessingInitializeOnLoad (55ms)
				ProcessInitializeOnLoadAttributes (199ms)
				ProcessInitializeOnLoadMethodAttributes (28ms)
				AfterProcessingInitializeOnLoad (10ms)
				EditorAssembliesLoaded (0ms)
			ExecutionOrderSort2 (0ms)
			AwakeInstancesAfterBackupRestoration (6ms)
Platform modules already initialized, skipping
Refreshing native plugins compatible for Editor in 1.17 ms, found 2 plugins.
Preloading 0 native plugins for Editor in 0.00 ms.
Unloading 1694 Unused Serialized files (Serialized files now loaded: 0)
Unloading 9 unused Assets / (24.7 KB). Loaded Objects now: 2241.
Memory consumption went from 78.8 MB to 78.7 MB.
Total: 2.366500 ms (FindLiveObjects: 0.151300 ms CreateObjectMapping: 0.057900 ms MarkObjects: 2.137200 ms  DeleteObjects: 0.019200 ms)

AssetImportParameters requested are different than current active one (requested -> active):
  custom:video-decoder-ogg-theora: a1e56fd34408186e4bbccfd4996cb3dc -> 
  custom:container-muxer-webm: aa71ff27fc2769a1b78a27578f13a17b -> 
  custom:container-demuxer-webm: 4f35f7cbe854078d1ac9338744f61a02 -> 
  custom:video-encoder-webm-vp8: eb34c28f22e8b96e1ab97ce403110664 -> 
  custom:audio-encoder-webm-vorbis: bf7c407c2cedff20999df2af8eb42d56 -> 
  custom:framework-win-MediaFoundation: 216162199b28c13a410421893ffa2e32 -> 
  custom:container-demuxer-ogg: 62fdf1f143b41e24485cea50d1cbac27 -> 
  custom:video-decoder-webm-vp8: 9c59270c3fd7afecdb556c50c9e8de78 -> 
  custom:audio-decoder-ogg-vorbis: bf7c407c2cedff20999df2af8eb42d56 -> 
========================================================================
Received Prepare
Registering precompiled user dll's ...
Registered in 0.003518 seconds.
Begin MonoManager ReloadAssembly
Native extension for UWP target not found
Native extension for WindowsStandalone target not found
Native extension for iOS target not found
Native extension for Android target not found
Native extension for WebGL target not found
Refreshing native plugins compatible for Editor in 0.50 ms, found 2 plugins.
Preloading 0 native plugins for Editor in 0.00 ms.
Mono: successfully reloaded assembly
- Completed reload, in  0.934 seconds
Domain Reload Profiling:
	ReloadAssembly (935ms)
		BeginReloadAssembly (136ms)
			ExecutionOrderSort (0ms)
			DisableScriptedObjects (7ms)
			BackupInstance (0ms)
			ReleaseScriptingObjects (0ms)
			CreateAndSetChildDomain (30ms)
		EndReloadAssembly (687ms)
			LoadAssemblies (88ms)
			RebuildTransferFunctionScriptingTraits (0ms)
			SetupTypeCache (197ms)
			ReleaseScriptCaches (1ms)
			RebuildScriptCaches (44ms)
			SetupLoadedEditorAssemblies (326ms)
				LogAssemblyErrors (0ms)
				InitializePlatformSupportModulesInManaged (39ms)
				SetLoadedEditorAssemblies (0ms)
				RefreshPlugins (1ms)
				BeforeProcessingInitializeOnLoad (52ms)
				ProcessInitializeOnLoadAttributes (194ms)
				ProcessInitializeOnLoadMethodAttributes (29ms)
				AfterProcessingInitializeOnLoad (10ms)
				EditorAssembliesLoaded (0ms)
			ExecutionOrderSort2 (0ms)
			AwakeInstancesAfterBackupRestoration (6ms)
Platform modules already initialized, skipping
Refreshing native plugins compatible for Editor in 1.19 ms, found 2 plugins.
Preloading 0 native plugins for Editor in 0.00 ms.
Unloading 1694 Unused Serialized files (Serialized files now loaded: 0)
Unloading 9 unused Assets / (24.7 KB). Loaded Objects now: 2244.
Memory consumption went from 78.8 MB to 78.8 MB.
Total: 2.256500 ms (FindLiveObjects: 0.148700 ms CreateObjectMapping: 0.058800 ms MarkObjects: 2.034500 ms  DeleteObjects: 0.013900 ms)

AssetImportParameters requested are different than current active one (requested -> active):
  custom:video-decoder-ogg-theora: a1e56fd34408186e4bbccfd4996cb3dc -> 
  custom:container-muxer-webm: aa71ff27fc2769a1b78a27578f13a17b -> 
  custom:container-demuxer-webm: 4f35f7cbe854078d1ac9338744f61a02 -> 
  custom:video-encoder-webm-vp8: eb34c28f22e8b96e1ab97ce403110664 -> 
  custom:audio-encoder-webm-vorbis: bf7c407c2cedff20999df2af8eb42d56 -> 
  custom:framework-win-MediaFoundation: 216162199b28c13a410421893ffa2e32 -> 
  custom:container-demuxer-ogg: 62fdf1f143b41e24485cea50d1cbac27 -> 
  custom:video-decoder-webm-vp8: 9c59270c3fd7afecdb556c50c9e8de78 -> 
  custom:audio-decoder-ogg-vorbis: bf7c407c2cedff20999df2af8eb42d56 -> 
========================================================================
Received Prepare
Registering precompiled user dll's ...
Registered in 0.002787 seconds.
Begin MonoManager ReloadAssembly
Native extension for UWP target not found
Native extension for WindowsStandalone target not found
Native extension for iOS target not found
Native extension for Android target not found
Native extension for WebGL target not found
Refreshing native plugins compatible for Editor in 0.37 ms, found 2 plugins.
Preloading 0 native plugins for Editor in 0.00 ms.
Mono: successfully reloaded assembly
- Completed reload, in  1.072 seconds
Domain Reload Profiling:
	ReloadAssembly (1073ms)
		BeginReloadAssembly (155ms)
			ExecutionOrderSort (0ms)
			DisableScriptedObjects (9ms)
			BackupInstance (0ms)
			ReleaseScriptingObjects (0ms)
			CreateAndSetChildDomain (27ms)
		EndReloadAssembly (767ms)
			LoadAssemblies (102ms)
			RebuildTransferFunctionScriptingTraits (0ms)
			SetupTypeCache (213ms)
			ReleaseScriptCaches (1ms)
			RebuildScriptCaches (41ms)
			SetupLoadedEditorAssemblies (371ms)
				LogAssemblyErrors (0ms)
				InitializePlatformSupportModulesInManaged (45ms)
				SetLoadedEditorAssemblies (0ms)
				RefreshPlugins (0ms)
				BeforeProcessingInitializeOnLoad (58ms)
				ProcessInitializeOnLoadAttributes (220ms)
				ProcessInitializeOnLoadMethodAttributes (35ms)
				AfterProcessingInitializeOnLoad (14ms)
				EditorAssembliesLoaded (0ms)
			ExecutionOrderSort2 (0ms)
			AwakeInstancesAfterBackupRestoration (7ms)
Platform modules already initialized, skipping
Refreshing native plugins compatible for Editor in 1.38 ms, found 2 plugins.
Preloading 0 native plugins for Editor in 0.00 ms.
Unloading 1694 Unused Serialized files (Serialized files now loaded: 0)
Unloading 9 unused Assets / (24.6 KB). Loaded Objects now: 2247.
Memory consumption went from 78.8 MB to 78.8 MB.
Total: 2.488700 ms (FindLiveObjects: 0.181300 ms CreateObjectMapping: 0.090800 ms MarkObjects: 2.202100 ms  DeleteObjects: 0.013600 ms)

AssetImportParameters requested are different than current active one (requested -> active):
  custom:video-decoder-ogg-theora: a1e56fd34408186e4bbccfd4996cb3dc -> 
  custom:container-muxer-webm: aa71ff27fc2769a1b78a27578f13a17b -> 
  custom:container-demuxer-webm: 4f35f7cbe854078d1ac9338744f61a02 -> 
  custom:video-encoder-webm-vp8: eb34c28f22e8b96e1ab97ce403110664 -> 
  custom:audio-encoder-webm-vorbis: bf7c407c2cedff20999df2af8eb42d56 -> 
  custom:framework-win-MediaFoundation: 216162199b28c13a410421893ffa2e32 -> 
  custom:container-demuxer-ogg: 62fdf1f143b41e24485cea50d1cbac27 -> 
  custom:video-decoder-webm-vp8: 9c59270c3fd7afecdb556c50c9e8de78 -> 
  custom:audio-decoder-ogg-vorbis: bf7c407c2cedff20999df2af8eb42d56 -> 
========================================================================
Received Import Request.
  Time since last request: 1225.830212 seconds.
  path: Assets/posicoes/CheckGaragem.prefab
  artifactKey: Guid(c61ef27340f4f974dbc055ec3c8bace8) Importer(815301076,1909f56bfc062723c751e8b465ee728b)
Start importing Assets/posicoes/CheckGaragem.prefab using Guid(c61ef27340f4f974dbc055ec3c8bace8) Importer(815301076,1909f56bfc062723c751e8b465ee728b)  -> (artifact id: 'fe5080a84872cd2dcd543aeeb04b62fb') in 0.038176 seconds 
========================================================================
Received Import Request.
  Time since last request: 0.000013 seconds.
  path: Assets/posicoes/CheckPosto.prefab
  artifactKey: Guid(d96ce475584415848824d55c225cb235) Importer(815301076,1909f56bfc062723c751e8b465ee728b)
Start importing Assets/posicoes/CheckPosto.prefab using Guid(d96ce475584415848824d55c225cb235) Importer(815301076,1909f56bfc062723c751e8b465ee728b)  -> (artifact id: 'ae9d63ff2b35ed0bed58329d856c24ca') in 0.246541 seconds 
========================================================================
Received Import Request.
  Time since last request: 0.000017 seconds.
  path: Assets/posicoes/prevagaO3.prefab
  artifactKey: Guid(1aff599d5c61a234a875e529dec6cdba) Importer(815301076,1909f56bfc062723c751e8b465ee728b)
Start importing Assets/posicoes/prevagaO3.prefab using Guid(1aff599d5c61a234a875e529dec6cdba) Importer(815301076,1909f56bfc062723c751e8b465ee728b)  -> (artifact id: '1302ef81e871da274288686582a227a8') in 0.003722 seconds 
========================================================================
Received Import Request.
  Time since last request: 0.000064 seconds.
  path: Assets/posicoes/vagaP3.prefab
  artifactKey: Guid(dfd9892b48f2274488af96f5c667b99a) Importer(815301076,1909f56bfc062723c751e8b465ee728b)
Start importing Assets/posicoes/vagaP3.prefab using Guid(dfd9892b48f2274488af96f5c667b99a) Importer(815301076,1909f56bfc062723c751e8b465ee728b)  -> (artifact id: '5c74dbfcd31706385529941c892283b4') in 0.004221 seconds 
========================================================================
Received Import Request.
  Time since last request: 0.000024 seconds.
  path: Assets/posicoes/Lava2.prefab
  artifactKey: Guid(308681fe4f17d3842807eb6c4afc0fa1) Importer(815301076,1909f56bfc062723c751e8b465ee728b)
Start importing Assets/posicoes/Lava2.prefab using Guid(308681fe4f17d3842807eb6c4afc0fa1) Importer(815301076,1909f56bfc062723c751e8b465ee728b)  -> (artifact id: '86b749251146c17b8ec717c93b271555') in 0.004397 seconds 
========================================================================
Received Import Request.
  Time since last request: 0.000021 seconds.
  path: Assets/posicoes/vagaL3.prefab
  artifactKey: Guid(d8a9481babc022b42890ce9640c4e418) Importer(815301076,1909f56bfc062723c751e8b465ee728b)
Start importing Assets/posicoes/vagaL3.prefab using Guid(d8a9481babc022b42890ce9640c4e418) Importer(815301076,1909f56bfc062723c751e8b465ee728b)  -> (artifact id: 'd7c2bd13f93375972c6f016f5fd79c21') in 0.004243 seconds 
========================================================================
Received Import Request.
  Time since last request: 0.000013 seconds.
  path: Assets/posicoes/Garagem 3.prefab
  artifactKey: Guid(a3c3a99951852874e800f2896a762522) Importer(815301076,1909f56bfc062723c751e8b465ee728b)
Start importing Assets/posicoes/Garagem 3.prefab using Guid(a3c3a99951852874e800f2896a762522) Importer(815301076,1909f56bfc062723c751e8b465ee728b)  -> (artifact id: 'ea91f7fce85ef80b6cd2c4fbfc52c290') in 0.003887 seconds 
========================================================================
Received Import Request.
  Time since last request: 0.000038 seconds.
  path: Assets/posicoes/Posto1.prefab
  artifactKey: Guid(9d83b1aff2cd8844888eb4689d2e5edb) Importer(815301076,1909f56bfc062723c751e8b465ee728b)
Start importing Assets/posicoes/Posto1.prefab using Guid(9d83b1aff2cd8844888eb4689d2e5edb) Importer(815301076,1909f56bfc062723c751e8b465ee728b)  -> (artifact id: 'a5d8d9575c7bbec5d8827ccd91ac4dff') in 0.005004 seconds 
========================================================================
Received Import Request.
  Time since last request: 0.000018 seconds.
  path: Assets/posicoes/vagaO3.prefab
  artifactKey: Guid(412e11fd72c465d4b95344f2ab27459f) Importer(815301076,1909f56bfc062723c751e8b465ee728b)
Start importing Assets/posicoes/vagaO3.prefab using Guid(412e11fd72c465d4b95344f2ab27459f) Importer(815301076,1909f56bfc062723c751e8b465ee728b)  -> (artifact id: '799eac83c1dd1f7a9e08a09dfe361759') in 0.003781 seconds 
========================================================================
Received Import Request.
  Time since last request: 0.000033 seconds.
  path: Assets/posicoes/prevagaP3.prefab
  artifactKey: Guid(16f6bc27ad53c2140bc64bf81342bf40) Importer(815301076,1909f56bfc062723c751e8b465ee728b)
Start importing Assets/posicoes/prevagaP3.prefab using Guid(16f6bc27ad53c2140bc64bf81342bf40) Importer(815301076,1909f56bfc062723c751e8b465ee728b)  -> (artifact id: '0eda1fd2f55c40ac7cd956618438a24b') in 0.003833 seconds 
========================================================================
Received Import Request.
  Time since last request: 0.000016 seconds.
  path: Assets/posicoes/Garagem 1.prefab
  artifactKey: Guid(17a8113eeef5ddc458bf7f01d60c30ac) Importer(815301076,1909f56bfc062723c751e8b465ee728b)
Start importing Assets/posicoes/Garagem 1.prefab using Guid(17a8113eeef5ddc458bf7f01d60c30ac) Importer(815301076,1909f56bfc062723c751e8b465ee728b)  -> (artifact id: 'fb512cee37e5de7be56549435f7b7575') in 0.004299 seconds 
========================================================================
Received Import Request.
  Time since last request: 0.000024 seconds.
  path: Assets/posicoes/saidaGaragem.prefab
  artifactKey: Guid(cc6fee998dcf9904aaec958080e1faf3) Importer(815301076,1909f56bfc062723c751e8b465ee728b)
Start importing Assets/posicoes/saidaGaragem.prefab using Guid(cc6fee998dcf9904aaec958080e1faf3) Importer(815301076,1909f56bfc062723c751e8b465ee728b)  -> (artifact id: '0c7ff1af4fbc02fc5c28841bbeaaa5ba') in 0.005550 seconds 
========================================================================
Received Import Request.
  Time since last request: 0.000016 seconds.
  path: Assets/posicoes/Posto2.prefab
  artifactKey: Guid(51cdf8cf8bbbe044ca43198c5fcc111d) Importer(815301076,1909f56bfc062723c751e8b465ee728b)
Start importing Assets/posicoes/Posto2.prefab using Guid(51cdf8cf8bbbe044ca43198c5fcc111d) Importer(815301076,1909f56bfc062723c751e8b465ee728b)  -> (artifact id: 'f1a52620b22cb81f827b9be6cca93075') in 0.004102 seconds 
========================================================================
Received Import Request.
  Time since last request: 0.000022 seconds.
  path: Assets/posicoes/Posto3.prefab
  artifactKey: Guid(d8a5080705883824b8ca279ee94baddd) Importer(815301076,1909f56bfc062723c751e8b465ee728b)
Start importing Assets/posicoes/Posto3.prefab using Guid(d8a5080705883824b8ca279ee94baddd) Importer(815301076,1909f56bfc062723c751e8b465ee728b)  -> (artifact id: '94a1e3ca3e143a1bb94dcf75d9b93b6e') in 0.004590 seconds 
========================================================================
Received Import Request.
  Time since last request: 0.000014 seconds.
  path: Assets/posicoes/Conferir.prefab
  artifactKey: Guid(50962b4e361a55348963f8e97ed115a0) Importer(815301076,1909f56bfc062723c751e8b465ee728b)
Start importing Assets/posicoes/Conferir.prefab using Guid(50962b4e361a55348963f8e97ed115a0) Importer(815301076,1909f56bfc062723c751e8b465ee728b)  -> (artifact id: '5be1e4e69061005a0d33938c5046bec7') in 0.003615 seconds 
========================================================================
Received Import Request.
  Time since last request: 0.000014 seconds.
  path: Assets/posicoes/Saida.prefab
  artifactKey: Guid(7b7be6a18c4d4cb45818d6f162735139) Importer(815301076,1909f56bfc062723c751e8b465ee728b)
Start importing Assets/posicoes/Saida.prefab using Guid(7b7be6a18c4d4cb45818d6f162735139) Importer(815301076,1909f56bfc062723c751e8b465ee728b)  -> (artifact id: '577f6a5b3c54970c4842f4c3396f3b90') in 0.004900 seconds 
========================================================================
Received Import Request.
  Time since last request: 0.000016 seconds.
  path: Assets/posicoes/lazer 2.prefab
  artifactKey: Guid(1e2e5d54c7ce9d14f91fe4cd18cbaef0) Importer(815301076,1909f56bfc062723c751e8b465ee728b)
Start importing Assets/posicoes/lazer 2.prefab using Guid(1e2e5d54c7ce9d14f91fe4cd18cbaef0) Importer(815301076,1909f56bfc062723c751e8b465ee728b)  -> (artifact id: '65c93f932f72dd491ac53ffd0187130f') in 0.004061 seconds 
========================================================================
Received Import Request.
  Time since last request: 0.000014 seconds.
  path: Assets/posicoes/vagaO1.prefab
  artifactKey: Guid(11bc0b36a4753f741bcf2a5e341327c4) Importer(815301076,1909f56bfc062723c751e8b465ee728b)
Start importing Assets/posicoes/vagaO1.prefab using Guid(11bc0b36a4753f741bcf2a5e341327c4) Importer(815301076,1909f56bfc062723c751e8b465ee728b)  -> (artifact id: 'fc6aefca2f87f0d494f9e5493008b000') in 0.005536 seconds 
========================================================================
Received Import Request.
  Time since last request: 0.000018 seconds.
  path: Assets/posicoes/vagaO2.prefab
  artifactKey: Guid(6d099a5c38f0a1c429e810d2265470e6) Importer(815301076,1909f56bfc062723c751e8b465ee728b)
Start importing Assets/posicoes/vagaO2.prefab using Guid(6d099a5c38f0a1c429e810d2265470e6) Importer(815301076,1909f56bfc062723c751e8b465ee728b)  -> (artifact id: '604a378ff3e00b8c6f2522c4ecda192c') in 0.004006 seconds 
========================================================================
Received Import Request.
  Time since last request: 0.000014 seconds.
  path: Assets/posicoes/saidaPosto.prefab
  artifactKey: Guid(a64c2c4f869b7a541837acf077c18e23) Importer(815301076,1909f56bfc062723c751e8b465ee728b)
Start importing Assets/posicoes/saidaPosto.prefab using Guid(a64c2c4f869b7a541837acf077c18e23) Importer(815301076,1909f56bfc062723c751e8b465ee728b)  -> (artifact id: 'a6c7df04f601ec5ae54639601fbd93a1') in 0.005757 seconds 
========================================================================
Received Import Request.
  Time since last request: 0.000023 seconds.
  path: Assets/posicoes/Gerador.prefab
  artifactKey: Guid(ecd7b42209c23864d9f9a7188fdcc10d) Importer(815301076,1909f56bfc062723c751e8b465ee728b)
Start importing Assets/posicoes/Gerador.prefab using Guid(ecd7b42209c23864d9f9a7188fdcc10d) Importer(815301076,1909f56bfc062723c751e8b465ee728b)  -> (artifact id: 'ed4e506e29b283dd5e94166c155e9bec') in 0.005071 seconds 
========================================================================
Received Import Request.
  Time since last request: 0.000021 seconds.
  path: Assets/posicoes/prevagaO2.prefab
  artifactKey: Guid(018c5e6782d959c4e8d6d152d8bb7288) Importer(815301076,1909f56bfc062723c751e8b465ee728b)
Start importing Assets/posicoes/prevagaO2.prefab using Guid(018c5e6782d959c4e8d6d152d8bb7288) Importer(815301076,1909f56bfc062723c751e8b465ee728b)  -> (artifact id: '3b95814854ba9d326cbd7fdcf20d0106') in 0.006025 seconds 
========================================================================
Received Import Request.
  Time since last request: 0.000020 seconds.
  path: Assets/posicoes/vagaL2.prefab
  artifactKey: Guid(f21f6cf324c7b764792dbc92a222cfb6) Importer(815301076,1909f56bfc062723c751e8b465ee728b)
Start importing Assets/posicoes/vagaL2.prefab using Guid(f21f6cf324c7b764792dbc92a222cfb6) Importer(815301076,1909f56bfc062723c751e8b465ee728b)  -> (artifact id: '38176c098c65cf51285b474ed686fcdf') in 0.003374 seconds 
========================================================================
Received Import Request.
  Time since last request: 0.000014 seconds.
  path: Assets/posicoes/prevagaL2.prefab
  artifactKey: Guid(da2f84555060e8f458b8855141bfce17) Importer(815301076,1909f56bfc062723c751e8b465ee728b)
Start importing Assets/posicoes/prevagaL2.prefab using Guid(da2f84555060e8f458b8855141bfce17) Importer(815301076,1909f56bfc062723c751e8b465ee728b)  -> (artifact id: '2c5ee1bdddda3d1630581ac23c9a0162') in 0.004083 seconds 
========================================================================
Received Import Request.
  Time since last request: 0.000035 seconds.
  path: Assets/posicoes/prevagaL1.prefab
  artifactKey: Guid(71810ca649cfcae4ebb1b64f394dd048) Importer(815301076,1909f56bfc062723c751e8b465ee728b)
Start importing Assets/posicoes/prevagaL1.prefab using Guid(71810ca649cfcae4ebb1b64f394dd048) Importer(815301076,1909f56bfc062723c751e8b465ee728b)  -> (artifact id: 'edc31f49df19c052a35ef2b8555d910f') in 0.004720 seconds 
========================================================================
Received Import Request.
  Time since last request: 0.000015 seconds.
  path: Assets/posicoes/prevagaP1.prefab
  artifactKey: Guid(1bc9501f7dfed9245a4b548d850a5298) Importer(815301076,1909f56bfc062723c751e8b465ee728b)
Start importing Assets/posicoes/prevagaP1.prefab using Guid(1bc9501f7dfed9245a4b548d850a5298) Importer(815301076,1909f56bfc062723c751e8b465ee728b)  -> (artifact id: '988593d36a73c6731482fb1bf397c615') in 0.003594 seconds 
========================================================================
Received Import Request.
  Time since last request: 0.000034 seconds.
  path: Assets/posicoes/SaidaEsquerda.prefab
  artifactKey: Guid(c13f37860cca3534cb211c89b74da707) Importer(815301076,1909f56bfc062723c751e8b465ee728b)
Start importing Assets/posicoes/SaidaEsquerda.prefab using Guid(c13f37860cca3534cb211c89b74da707) Importer(815301076,1909f56bfc062723c751e8b465ee728b)  -> (artifact id: 'd7139d5a0d9bfa7a90faf778702047d9') in 0.004272 seconds 
========================================================================
Received Import Request.
  Time since last request: 1.731831 seconds.
  path: Assets/Imagens/Botao Coletar.png
  artifactKey: Guid(f907ee16f695f73488996229fd391de1) Importer(815301076,1909f56bfc062723c751e8b465ee728b)
Start importing Assets/Imagens/Botao Coletar.png using Guid(f907ee16f695f73488996229fd391de1) Importer(815301076,1909f56bfc062723c751e8b465ee728b)  -> (artifact id: 'f04d2b3dcca1e1b8bf152e158e14b231') in 0.087338 seconds 
========================================================================
Received Import Request.
  Time since last request: 0.000019 seconds.
  path: Assets/Imagens/indicando.png
  artifactKey: Guid(4fc8941d21874e3489d0218edf07e985) Importer(815301076,1909f56bfc062723c751e8b465ee728b)
Start importing Assets/Imagens/indicando.png using Guid(4fc8941d21874e3489d0218edf07e985) Importer(815301076,1909f56bfc062723c751e8b465ee728b)  -> (artifact id: 'ab74f39bea2e9026b1c920cff5759826') in 0.055362 seconds 
========================================================================
Received Import Request.
  Time since last request: 0.000021 seconds.
  path: Assets/Imagens/maleta_icon.png
  artifactKey: Guid(9332b8821eb55514ab1d34e3cef21ff4) Importer(815301076,1909f56bfc062723c751e8b465ee728b)
Start importing Assets/Imagens/maleta_icon.png using Guid(9332b8821eb55514ab1d34e3cef21ff4) Importer(815301076,1909f56bfc062723c751e8b465ee728b)  -> (artifact id: '0cdc9e7addaf1e5436a8abd1460005f5') in 0.013742 seconds 
========================================================================
Received Import Request.
  Time since last request: 0.000030 seconds.
  path: Assets/Imagens/cone branco.png
  artifactKey: Guid(92726111dacc33a42a89a0b616adf65b) Importer(815301076,1909f56bfc062723c751e8b465ee728b)
Start importing Assets/Imagens/cone branco.png using Guid(92726111dacc33a42a89a0b616adf65b) Importer(815301076,1909f56bfc062723c751e8b465ee728b)  -> (artifact id: 'd368181729923989db086cd6f2f51e22') in 0.014318 seconds 
========================================================================
Received Import Request.
  Time since last request: 0.000015 seconds.
  path: Assets/Imagens/logo.png
  artifactKey: Guid(d63b1e4e6c0c89645b97a1ce2d37e714) Importer(815301076,1909f56bfc062723c751e8b465ee728b)
Start importing Assets/Imagens/logo.png using Guid(d63b1e4e6c0c89645b97a1ce2d37e714) Importer(815301076,1909f56bfc062723c751e8b465ee728b)  -> (artifact id: 'a759c05f434fc408fefd5ccfccce0656') in 0.051733 seconds 
========================================================================
Received Prepare
Registering precompiled user dll's ...
Registered in 0.002655 seconds.
Begin MonoManager ReloadAssembly
Native extension for UWP target not found
Native extension for WindowsStandalone target not found
Native extension for iOS target not found
Native extension for Android target not found
Native extension for WebGL target not found
Refreshing native plugins compatible for Editor in 0.68 ms, found 2 plugins.
Preloading 0 native plugins for Editor in 0.00 ms.
Mono: successfully reloaded assembly
- Completed reload, in  1.223 seconds
Domain Reload Profiling:
	ReloadAssembly (1224ms)
		BeginReloadAssembly (159ms)
			ExecutionOrderSort (0ms)
			DisableScriptedObjects (7ms)
			BackupInstance (0ms)
			ReleaseScriptingObjects (0ms)
			CreateAndSetChildDomain (35ms)
		EndReloadAssembly (927ms)
			LoadAssemblies (108ms)
			RebuildTransferFunctionScriptingTraits (0ms)
			SetupTypeCache (256ms)
			ReleaseScriptCaches (1ms)
			RebuildScriptCaches (56ms)
			SetupLoadedEditorAssemblies (451ms)
				LogAssemblyErrors (0ms)
				InitializePlatformSupportModulesInManaged (59ms)
				SetLoadedEditorAssemblies (1ms)
				RefreshPlugins (1ms)
				BeforeProcessingInitializeOnLoad (82ms)
				ProcessInitializeOnLoadAttributes (254ms)
				ProcessInitializeOnLoadMethodAttributes (41ms)
				AfterProcessingInitializeOnLoad (13ms)
				EditorAssembliesLoaded (0ms)
			ExecutionOrderSort2 (0ms)
			AwakeInstancesAfterBackupRestoration (8ms)
Platform modules already initialized, skipping
Refreshing native plugins compatible for Editor in 1.73 ms, found 2 plugins.
Preloading 0 native plugins for Editor in 0.00 ms.
Unloading 1697 Unused Serialized files (Serialized files now loaded: 0)
Unloading 11 unused Assets / (72.5 KB). Loaded Objects now: 2266.
Memory consumption went from 79.3 MB to 79.2 MB.
Total: 3.320300 ms (FindLiveObjects: 0.186100 ms CreateObjectMapping: 0.098900 ms MarkObjects: 2.940900 ms  DeleteObjects: 0.093200 ms)

AssetImportParameters requested are different than current active one (requested -> active):
  custom:video-decoder-ogg-theora: a1e56fd34408186e4bbccfd4996cb3dc -> 
  custom:container-muxer-webm: aa71ff27fc2769a1b78a27578f13a17b -> 
  custom:container-demuxer-webm: 4f35f7cbe854078d1ac9338744f61a02 -> 
  custom:video-encoder-webm-vp8: eb34c28f22e8b96e1ab97ce403110664 -> 
  custom:audio-encoder-webm-vorbis: bf7c407c2cedff20999df2af8eb42d56 -> 
  custom:framework-win-MediaFoundation: 216162199b28c13a410421893ffa2e32 -> 
  custom:container-demuxer-ogg: 62fdf1f143b41e24485cea50d1cbac27 -> 
  custom:video-decoder-webm-vp8: 9c59270c3fd7afecdb556c50c9e8de78 -> 
  custom:audio-decoder-ogg-vorbis: bf7c407c2cedff20999df2af8eb42d56 -> 
========================================================================
Received Import Request.
  Time since last request: 50.043708 seconds.
  path: Assets/CarroInutil/CarroInutil 2.prefab
  artifactKey: Guid(b8980b20b6ca63448abe92bc7d5ab5df) Importer(815301076,1909f56bfc062723c751e8b465ee728b)
Start importing Assets/CarroInutil/CarroInutil 2.prefab using Guid(b8980b20b6ca63448abe92bc7d5ab5df) Importer(815301076,1909f56bfc062723c751e8b465ee728b)  -> (artifact id: '986bbcaf26354c9d6f9e010b60a2f18d') in 0.095930 seconds 
========================================================================
Received Import Request.
  Time since last request: 0.000014 seconds.
  path: Assets/CarroInutil/CarroInutil 5.prefab
  artifactKey: Guid(49f522b94bd0efa4da311ef267ce71f6) Importer(815301076,1909f56bfc062723c751e8b465ee728b)
Start importing Assets/CarroInutil/CarroInutil 5.prefab using Guid(49f522b94bd0efa4da311ef267ce71f6) Importer(815301076,1909f56bfc062723c751e8b465ee728b)  -> (artifact id: '9759ad1efae32f3bdc42c46e6bb52fb2') in 0.015595 seconds 
========================================================================
Received Import Request.
  Time since last request: 0.668856 seconds.
  path: Assets/Carros/Cliente 2.prefab
  artifactKey: Guid(df9af2a1b5f81bc409dd6f64b53b3276) Importer(815301076,1909f56bfc062723c751e8b465ee728b)
Start importing Assets/Carros/Cliente 2.prefab using Guid(df9af2a1b5f81bc409dd6f64b53b3276) Importer(815301076,1909f56bfc062723c751e8b465ee728b)  -> (artifact id: '9bda141c09ce9ffa2240627d464c51cf') in 0.012476 seconds 
========================================================================
Received Import Request.
  Time since last request: 0.000021 seconds.
  path: Assets/Carros/Cliente 12.prefab
  artifactKey: Guid(a3bbae726e994ff4a90ad3ae137546dd) Importer(815301076,1909f56bfc062723c751e8b465ee728b)
Start importing Assets/Carros/Cliente 12.prefab using Guid(a3bbae726e994ff4a90ad3ae137546dd) Importer(815301076,1909f56bfc062723c751e8b465ee728b)  -> (artifact id: 'efd585bdf5e57303d0a714a91f0a3213') in 0.012728 seconds 
========================================================================
Received Import Request.
  Time since last request: 0.000015 seconds.
  path: Assets/Carros/Cliente 19.prefab
  artifactKey: Guid(442d196c8392d734c9b94581cf9e90ec) Importer(815301076,1909f56bfc062723c751e8b465ee728b)
Start importing Assets/Carros/Cliente 19.prefab using Guid(442d196c8392d734c9b94581cf9e90ec) Importer(815301076,1909f56bfc062723c751e8b465ee728b)  -> (artifact id: 'af3170492af78361d75afde06759474f') in 0.014710 seconds 
========================================================================
Received Import Request.
  Time since last request: 0.000016 seconds.
  path: Assets/Carros/Cliente 10.prefab
  artifactKey: Guid(679a3e5269536a04c9996211de50732e) Importer(815301076,1909f56bfc062723c751e8b465ee728b)
Start importing Assets/Carros/Cliente 10.prefab using Guid(679a3e5269536a04c9996211de50732e) Importer(815301076,1909f56bfc062723c751e8b465ee728b)  -> (artifact id: 'f95b6474b893de034bb3fe47a5871d9d') in 0.011249 seconds 
========================================================================
Received Import Request.
  Time since last request: 0.000014 seconds.
  path: Assets/Carros/Cliente 5.prefab
  artifactKey: Guid(05b9f3922b5f2514a970f831d7ddaf66) Importer(815301076,1909f56bfc062723c751e8b465ee728b)
Start importing Assets/Carros/Cliente 5.prefab using Guid(05b9f3922b5f2514a970f831d7ddaf66) Importer(815301076,1909f56bfc062723c751e8b465ee728b)  -> (artifact id: 'b05278fde104f2dc760a85bb1c00b226') in 0.014191 seconds 
========================================================================
Received Import Request.
  Time since last request: 0.000015 seconds.
  path: Assets/Carros/Cliente 18.prefab
  artifactKey: Guid(79861af39b27cae4b816fcf1766f7077) Importer(815301076,1909f56bfc062723c751e8b465ee728b)
Start importing Assets/Carros/Cliente 18.prefab using Guid(79861af39b27cae4b816fcf1766f7077) Importer(815301076,1909f56bfc062723c751e8b465ee728b)  -> (artifact id: 'b5e94c3414363ab193650d7f3f1dac01') in 0.011003 seconds 
========================================================================
Received Import Request.
  Time since last request: 0.000015 seconds.
  path: Assets/Carros/Cliente 20.prefab
  artifactKey: Guid(de89bac690a2de44c9a798cd4684c211) Importer(815301076,1909f56bfc062723c751e8b465ee728b)
Start importing Assets/Carros/Cliente 20.prefab using Guid(de89bac690a2de44c9a798cd4684c211) Importer(815301076,1909f56bfc062723c751e8b465ee728b)  -> (artifact id: '22156059efc269fb1b9a7d48293b4a2f') in 0.015022 seconds 
========================================================================
Received Import Request.
  Time since last request: 0.000021 seconds.
  path: Assets/Carros/Cliente 24.prefab
  artifactKey: Guid(2a3bc45369ba27640a310d6da0a24301) Importer(815301076,1909f56bfc062723c751e8b465ee728b)
Start importing Assets/Carros/Cliente 24.prefab using Guid(2a3bc45369ba27640a310d6da0a24301) Importer(815301076,1909f56bfc062723c751e8b465ee728b)  -> (artifact id: 'd7311615eb78156c59fd4de07e5e3fce') in 0.015051 seconds 
========================================================================
Received Import Request.
  Time since last request: 15.373108 seconds.
  path: Assets/Shaders/Toon/woodTile1024.jpg
  artifactKey: Guid(6c3adad664820ba438f0179ccc3f4f96) Importer(815301076,1909f56bfc062723c751e8b465ee728b)
Start importing Assets/Shaders/Toon/woodTile1024.jpg using Guid(6c3adad664820ba438f0179ccc3f4f96) Importer(815301076,1909f56bfc062723c751e8b465ee728b)  -> (artifact id: 'edbceaf7cd8b0b3f3dae5166dd0b746c') in 0.100849 seconds 
========================================================================
Received Import Request.
  Time since last request: 5.469146 seconds.
  path: Assets/CarroInutil/CarroInutil 3.prefab
  artifactKey: Guid(1fb69a8d1596ac24c912134c6edf8128) Importer(815301076,1909f56bfc062723c751e8b465ee728b)
Start importing Assets/CarroInutil/CarroInutil 3.prefab using Guid(1fb69a8d1596ac24c912134c6edf8128) Importer(815301076,1909f56bfc062723c751e8b465ee728b)  -> (artifact id: 'ab3e57e63c5d4258b8c7f040255d36b1') in 0.038375 seconds 
========================================================================
Received Import Request.
  Time since last request: 19.517163 seconds.
  path: Assets/Carros/Cliente 3.prefab
  artifactKey: Guid(a11cac401fbf5934c8b424894b4c14c7) Importer(815301076,1909f56bfc062723c751e8b465ee728b)
Start importing Assets/Carros/Cliente 3.prefab using Guid(a11cac401fbf5934c8b424894b4c14c7) Importer(815301076,1909f56bfc062723c751e8b465ee728b)  -> (artifact id: '0487f85a925192d96495cc450649bef8') in 0.014687 seconds 
========================================================================
Received Import Request.
  Time since last request: 0.000014 seconds.
  path: Assets/Carros/Cliente 16.prefab
  artifactKey: Guid(cbc028ae5b6235f49824e94b79bc5c1e) Importer(815301076,1909f56bfc062723c751e8b465ee728b)
Start importing Assets/Carros/Cliente 16.prefab using Guid(cbc028ae5b6235f49824e94b79bc5c1e) Importer(815301076,1909f56bfc062723c751e8b465ee728b)  -> (artifact id: 'e31e3621002276adfee9d07897aadb42') in 0.012859 seconds 
========================================================================
Received Import Request.
  Time since last request: 0.000019 seconds.
  path: Assets/Carros/Cliente 8.prefab
  artifactKey: Guid(71b65654a82483c47886dd5c7fc9ce38) Importer(815301076,1909f56bfc062723c751e8b465ee728b)
Start importing Assets/Carros/Cliente 8.prefab using Guid(71b65654a82483c47886dd5c7fc9ce38) Importer(815301076,1909f56bfc062723c751e8b465ee728b)  -> (artifact id: '4b06f62104365368ba670fa8672cc512') in 0.014967 seconds 
========================================================================
Received Import Request.
  Time since last request: 0.000020 seconds.
  path: Assets/Carros/Cliente 10.prefab
  artifactKey: Guid(679a3e5269536a04c9996211de50732e) Importer(815301076,1909f56bfc062723c751e8b465ee728b)
Start importing Assets/Carros/Cliente 10.prefab using Guid(679a3e5269536a04c9996211de50732e) Importer(815301076,1909f56bfc062723c751e8b465ee728b)  -> (artifact id: '4feb048032034adf41066c672aca6f19') in 0.012825 seconds 
========================================================================
Received Import Request.
  Time since last request: 0.000024 seconds.
  path: Assets/Carros/Cliente 5.prefab
  artifactKey: Guid(05b9f3922b5f2514a970f831d7ddaf66) Importer(815301076,1909f56bfc062723c751e8b465ee728b)
Start importing Assets/Carros/Cliente 5.prefab using Guid(05b9f3922b5f2514a970f831d7ddaf66) Importer(815301076,1909f56bfc062723c751e8b465ee728b)  -> (artifact id: 'b77ebf7690a3734fadca728965b5a889') in 0.016205 seconds 
========================================================================
Received Import Request.
  Time since last request: 0.000013 seconds.
  path: Assets/Carros/Cliente 18.prefab
  artifactKey: Guid(79861af39b27cae4b816fcf1766f7077) Importer(815301076,1909f56bfc062723c751e8b465ee728b)
Start importing Assets/Carros/Cliente 18.prefab using Guid(79861af39b27cae4b816fcf1766f7077) Importer(815301076,1909f56bfc062723c751e8b465ee728b)  -> (artifact id: 'a59b932719cb89a25cc2acd75cfcc631') in 0.012332 seconds 
========================================================================
Received Import Request.
  Time since last request: 0.000130 seconds.
  path: Assets/Carros/Cliente 13.prefab
  artifactKey: Guid(ea898adecf04fa049a7a1a6fa9fc7b8d) Importer(815301076,1909f56bfc062723c751e8b465ee728b)
Start importing Assets/Carros/Cliente 13.prefab using Guid(ea898adecf04fa049a7a1a6fa9fc7b8d) Importer(815301076,1909f56bfc062723c751e8b465ee728b)  -> (artifact id: '2a219cff228e6613c999ad8a4eef438d') in 0.012247 seconds 
========================================================================
Received Import Request.
  Time since last request: 0.000037 seconds.
  path: Assets/Carros/Cliente 23.prefab
  artifactKey: Guid(f89e5937d642c764b88369f52f209493) Importer(815301076,1909f56bfc062723c751e8b465ee728b)
Start importing Assets/Carros/Cliente 23.prefab using Guid(f89e5937d642c764b88369f52f209493) Importer(815301076,1909f56bfc062723c751e8b465ee728b)  -> (artifact id: '93d9934c2911246ff1014afdcafcb298') in 0.012875 seconds 
========================================================================
Received Prepare
Registering precompiled user dll's ...
Registered in 0.004347 seconds.
Begin MonoManager ReloadAssembly
Native extension for UWP target not found
Native extension for WindowsStandalone target not found
Native extension for iOS target not found
Native extension for Android target not found
Native extension for WebGL target not found
Refreshing native plugins compatible for Editor in 0.99 ms, found 2 plugins.
Preloading 0 native plugins for Editor in 0.00 ms.
Mono: successfully reloaded assembly
- Completed reload, in  0.994 seconds
Domain Reload Profiling:
	ReloadAssembly (995ms)
		BeginReloadAssembly (140ms)
			ExecutionOrderSort (0ms)
			DisableScriptedObjects (8ms)
			BackupInstance (0ms)
			ReleaseScriptingObjects (0ms)
			CreateAndSetChildDomain (33ms)
		EndReloadAssembly (744ms)
			LoadAssemblies (83ms)
			RebuildTransferFunctionScriptingTraits (0ms)
			SetupTypeCache (199ms)
			ReleaseScriptCaches (1ms)
			RebuildScriptCaches (41ms)
			SetupLoadedEditorAssemblies (371ms)
				LogAssemblyErrors (0ms)
				InitializePlatformSupportModulesInManaged (46ms)
				SetLoadedEditorAssemblies (1ms)
				RefreshPlugins (1ms)
				BeforeProcessingInitializeOnLoad (61ms)
				ProcessInitializeOnLoadAttributes (214ms)
				ProcessInitializeOnLoadMethodAttributes (36ms)
				AfterProcessingInitializeOnLoad (13ms)
				EditorAssembliesLoaded (0ms)
			ExecutionOrderSort2 (0ms)
			AwakeInstancesAfterBackupRestoration (8ms)
Platform modules already initialized, skipping
Refreshing native plugins compatible for Editor in 1.36 ms, found 2 plugins.
Preloading 0 native plugins for Editor in 0.00 ms.
Unloading 1697 Unused Serialized files (Serialized files now loaded: 0)
Unloading 10 unused Assets / (48.3 KB). Loaded Objects now: 2272.
Memory consumption went from 79.4 MB to 79.3 MB.
Total: 2.594100 ms (FindLiveObjects: 0.185400 ms CreateObjectMapping: 0.100400 ms MarkObjects: 2.255500 ms  DeleteObjects: 0.052000 ms)

AssetImportParameters requested are different than current active one (requested -> active):
  custom:video-decoder-ogg-theora: a1e56fd34408186e4bbccfd4996cb3dc -> 
  custom:container-muxer-webm: aa71ff27fc2769a1b78a27578f13a17b -> 
  custom:container-demuxer-webm: 4f35f7cbe854078d1ac9338744f61a02 -> 
  custom:video-encoder-webm-vp8: eb34c28f22e8b96e1ab97ce403110664 -> 
  custom:audio-encoder-webm-vorbis: bf7c407c2cedff20999df2af8eb42d56 -> 
  custom:framework-win-MediaFoundation: 216162199b28c13a410421893ffa2e32 -> 
  custom:container-demuxer-ogg: 62fdf1f143b41e24485cea50d1cbac27 -> 
  custom:video-decoder-webm-vp8: 9c59270c3fd7afecdb556c50c9e8de78 -> 
  custom:audio-decoder-ogg-vorbis: bf7c407c2cedff20999df2af8eb42d56 -> 
========================================================================
Received Prepare
Registering precompiled user dll's ...
Registered in 0.003277 seconds.
Begin MonoManager ReloadAssembly
Native extension for UWP target not found
Native extension for WindowsStandalone target not found
Native extension for iOS target not found
Native extension for Android target not found
Native extension for WebGL target not found
Refreshing native plugins compatible for Editor in 0.37 ms, found 2 plugins.
Preloading 0 native plugins for Editor in 0.00 ms.
Mono: successfully reloaded assembly
- Completed reload, in  1.035 seconds
Domain Reload Profiling:
	ReloadAssembly (1036ms)
		BeginReloadAssembly (137ms)
			ExecutionOrderSort (0ms)
			DisableScriptedObjects (7ms)
			BackupInstance (0ms)
			ReleaseScriptingObjects (0ms)
			CreateAndSetChildDomain (30ms)
		EndReloadAssembly (784ms)
			LoadAssemblies (85ms)
			RebuildTransferFunctionScriptingTraits (0ms)
			SetupTypeCache (224ms)
			ReleaseScriptCaches (1ms)
			RebuildScriptCaches (44ms)
			SetupLoadedEditorAssemblies (381ms)
				LogAssemblyErrors (0ms)
				InitializePlatformSupportModulesInManaged (39ms)
				SetLoadedEditorAssemblies (1ms)
				RefreshPlugins (0ms)
				BeforeProcessingInitializeOnLoad (63ms)
				ProcessInitializeOnLoadAttributes (216ms)
				ProcessInitializeOnLoadMethodAttributes (45ms)
				AfterProcessingInitializeOnLoad (16ms)
				EditorAssembliesLoaded (1ms)
			ExecutionOrderSort2 (0ms)
			AwakeInstancesAfterBackupRestoration (10ms)
Platform modules already initialized, skipping
Refreshing native plugins compatible for Editor in 1.74 ms, found 2 plugins.
Preloading 0 native plugins for Editor in 0.00 ms.
Unloading 1696 Unused Serialized files (Serialized files now loaded: 0)
Unloading 10 unused Assets / (48.3 KB). Loaded Objects now: 2275.
Memory consumption went from 79.3 MB to 79.3 MB.
Total: 3.758100 ms (FindLiveObjects: 0.168000 ms CreateObjectMapping: 0.093100 ms MarkObjects: 3.273000 ms  DeleteObjects: 0.222700 ms)

AssetImportParameters requested are different than current active one (requested -> active):
  custom:video-decoder-ogg-theora: a1e56fd34408186e4bbccfd4996cb3dc -> 
  custom:container-muxer-webm: aa71ff27fc2769a1b78a27578f13a17b -> 
  custom:container-demuxer-webm: 4f35f7cbe854078d1ac9338744f61a02 -> 
  custom:video-encoder-webm-vp8: eb34c28f22e8b96e1ab97ce403110664 -> 
  custom:audio-encoder-webm-vorbis: bf7c407c2cedff20999df2af8eb42d56 -> 
  custom:framework-win-MediaFoundation: 216162199b28c13a410421893ffa2e32 -> 
  custom:container-demuxer-ogg: 62fdf1f143b41e24485cea50d1cbac27 -> 
  custom:video-decoder-webm-vp8: 9c59270c3fd7afecdb556c50c9e8de78 -> 
  custom:audio-decoder-ogg-vorbis: bf7c407c2cedff20999df2af8eb42d56 -> 
========================================================================
Received Prepare
Registering precompiled user dll's ...
Registered in 0.003717 seconds.
Begin MonoManager ReloadAssembly
Native extension for UWP target not found
Native extension for WindowsStandalone target not found
Native extension for iOS target not found
Native extension for Android target not found
Native extension for WebGL target not found
Refreshing native plugins compatible for Editor in 0.77 ms, found 2 plugins.
Preloading 0 native plugins for Editor in 0.00 ms.
Mono: successfully reloaded assembly
- Completed reload, in  0.973 seconds
Domain Reload Profiling:
	ReloadAssembly (973ms)
		BeginReloadAssembly (134ms)
			ExecutionOrderSort (0ms)
			DisableScriptedObjects (9ms)
			BackupInstance (0ms)
			ReleaseScriptingObjects (0ms)
			CreateAndSetChildDomain (29ms)
		EndReloadAssembly (724ms)
			LoadAssemblies (86ms)
			RebuildTransferFunctionScriptingTraits (0ms)
			SetupTypeCache (193ms)
			ReleaseScriptCaches (1ms)
			RebuildScriptCaches (47ms)
			SetupLoadedEditorAssemblies (356ms)
				LogAssemblyErrors (0ms)
				InitializePlatformSupportModulesInManaged (40ms)
				SetLoadedEditorAssemblies (1ms)
				RefreshPlugins (1ms)
				BeforeProcessingInitializeOnLoad (54ms)
				ProcessInitializeOnLoadAttributes (214ms)
				ProcessInitializeOnLoadMethodAttributes (34ms)
				AfterProcessingInitializeOnLoad (12ms)
				EditorAssembliesLoaded (0ms)
			ExecutionOrderSort2 (0ms)
			AwakeInstancesAfterBackupRestoration (7ms)
Platform modules already initialized, skipping
Refreshing native plugins compatible for Editor in 1.49 ms, found 2 plugins.
Preloading 0 native plugins for Editor in 0.00 ms.
Unloading 1696 Unused Serialized files (Serialized files now loaded: 0)
Unloading 10 unused Assets / (48.3 KB). Loaded Objects now: 2278.
Memory consumption went from 79.3 MB to 79.3 MB.
Total: 4.590800 ms (FindLiveObjects: 0.300400 ms CreateObjectMapping: 0.166500 ms MarkObjects: 4.037800 ms  DeleteObjects: 0.085100 ms)

AssetImportParameters requested are different than current active one (requested -> active):
  custom:video-decoder-ogg-theora: a1e56fd34408186e4bbccfd4996cb3dc -> 
  custom:container-muxer-webm: aa71ff27fc2769a1b78a27578f13a17b -> 
  custom:container-demuxer-webm: 4f35f7cbe854078d1ac9338744f61a02 -> 
  custom:video-encoder-webm-vp8: eb34c28f22e8b96e1ab97ce403110664 -> 
  custom:audio-encoder-webm-vorbis: bf7c407c2cedff20999df2af8eb42d56 -> 
  custom:framework-win-MediaFoundation: 216162199b28c13a410421893ffa2e32 -> 
  custom:container-demuxer-ogg: 62fdf1f143b41e24485cea50d1cbac27 -> 
  custom:video-decoder-webm-vp8: 9c59270c3fd7afecdb556c50c9e8de78 -> 
  custom:audio-decoder-ogg-vorbis: bf7c407c2cedff20999df2af8eb42d56 -> 
========================================================================
Received Prepare
Registering precompiled user dll's ...
Registered in 0.003046 seconds.
Begin MonoManager ReloadAssembly
Native extension for UWP target not found
Native extension for WindowsStandalone target not found
Native extension for iOS target not found
Native extension for Android target not found
Native extension for WebGL target not found
Refreshing native plugins compatible for Editor in 0.37 ms, found 2 plugins.
Preloading 0 native plugins for Editor in 0.00 ms.
Mono: successfully reloaded assembly
- Completed reload, in  1.003 seconds
Domain Reload Profiling:
	ReloadAssembly (1004ms)
		BeginReloadAssembly (146ms)
			ExecutionOrderSort (0ms)
			DisableScriptedObjects (8ms)
			BackupInstance (0ms)
			ReleaseScriptingObjects (0ms)
			CreateAndSetChildDomain (31ms)
		EndReloadAssembly (719ms)
			LoadAssemblies (95ms)
			RebuildTransferFunctionScriptingTraits (0ms)
			SetupTypeCache (192ms)
			ReleaseScriptCaches (1ms)
			RebuildScriptCaches (44ms)
			SetupLoadedEditorAssemblies (351ms)
				LogAssemblyErrors (0ms)
				InitializePlatformSupportModulesInManaged (40ms)
				SetLoadedEditorAssemblies (0ms)
				RefreshPlugins (0ms)
				BeforeProcessingInitializeOnLoad (60ms)
				ProcessInitializeOnLoadAttributes (206ms)
				ProcessInitializeOnLoadMethodAttributes (32ms)
				AfterProcessingInitializeOnLoad (12ms)
				EditorAssembliesLoaded (0ms)
			ExecutionOrderSort2 (0ms)
			AwakeInstancesAfterBackupRestoration (6ms)
Platform modules already initialized, skipping
Refreshing native plugins compatible for Editor in 1.38 ms, found 2 plugins.
Preloading 0 native plugins for Editor in 0.00 ms.
Unloading 1696 Unused Serialized files (Serialized files now loaded: 0)
Unloading 10 unused Assets / (48.3 KB). Loaded Objects now: 2281.
Memory consumption went from 79.3 MB to 79.3 MB.
Total: 3.081700 ms (FindLiveObjects: 0.158200 ms CreateObjectMapping: 0.066800 ms MarkObjects: 2.797200 ms  DeleteObjects: 0.058500 ms)

AssetImportParameters requested are different than current active one (requested -> active):
  custom:video-decoder-ogg-theora: a1e56fd34408186e4bbccfd4996cb3dc -> 
  custom:container-muxer-webm: aa71ff27fc2769a1b78a27578f13a17b -> 
  custom:container-demuxer-webm: 4f35f7cbe854078d1ac9338744f61a02 -> 
  custom:video-encoder-webm-vp8: eb34c28f22e8b96e1ab97ce403110664 -> 
  custom:audio-encoder-webm-vorbis: bf7c407c2cedff20999df2af8eb42d56 -> 
  custom:framework-win-MediaFoundation: 216162199b28c13a410421893ffa2e32 -> 
  custom:container-demuxer-ogg: 62fdf1f143b41e24485cea50d1cbac27 -> 
  custom:video-decoder-webm-vp8: 9c59270c3fd7afecdb556c50c9e8de78 -> 
  custom:audio-decoder-ogg-vorbis: bf7c407c2cedff20999df2af8eb42d56 -> 
========================================================================
Received Import Request.
  Time since last request: 3031.548666 seconds.
  path: Assets/Modelos e prefabs/CarroAzul.fbx
  artifactKey: Guid(8f01d54bda778764c8c2a6d9c315f4a6) Importer(815301076,1909f56bfc062723c751e8b465ee728b)
Start importing Assets/Modelos e prefabs/CarroAzul.fbx using Guid(8f01d54bda778764c8c2a6d9c315f4a6) Importer(815301076,1909f56bfc062723c751e8b465ee728b)  -> (artifact id: '17d29fe058fcfe05bcef2a06d1e1d376') in 0.273143 seconds 
========================================================================
Received Import Request.
  Time since last request: 0.000027 seconds.
  path: Assets/Modelos e prefabs/CarroRosa.fbx
  artifactKey: Guid(3bca6cde32d49fc45bf80d4e6f802d30) Importer(815301076,1909f56bfc062723c751e8b465ee728b)
Start importing Assets/Modelos e prefabs/CarroRosa.fbx using Guid(3bca6cde32d49fc45bf80d4e6f802d30) Importer(815301076,1909f56bfc062723c751e8b465ee728b)  -> (artifact id: '22a328976a1976bbb11bafba6d910a01') in 0.044623 seconds 
========================================================================
Received Import Request.
  Time since last request: 0.000024 seconds.
  path: Assets/Modelos e prefabs/CarroVerde.fbx
  artifactKey: Guid(b9126a50465a48b46b64dbe839ec403b) Importer(815301076,1909f56bfc062723c751e8b465ee728b)
Start importing Assets/Modelos e prefabs/CarroVerde.fbx using Guid(b9126a50465a48b46b64dbe839ec403b) Importer(815301076,1909f56bfc062723c751e8b465ee728b)  -> (artifact id: '382919f0784ada7fd2b3bea295af2f3b') in 0.019564 seconds 
========================================================================
Received Import Request.
  Time since last request: 0.000024 seconds.
  path: Assets/Modelos e prefabs/ComidaLvl3.fbx
  artifactKey: Guid(6e31f542ee5b4844c9e5507f7a747cfc) Importer(815301076,1909f56bfc062723c751e8b465ee728b)
Start importing Assets/Modelos e prefabs/ComidaLvl3.fbx using Guid(6e31f542ee5b4844c9e5507f7a747cfc) Importer(815301076,1909f56bfc062723c751e8b465ee728b)  -> (artifact id: '9eb237289609ef1da5fa5b57e05b8176') in 0.096152 seconds 
========================================================================
Received Import Request.
  Time since last request: 0.000016 seconds.
  path: Assets/Modelos e prefabs/oficina_1.fbx
  artifactKey: Guid(f2f464c11ac8e4a498364c32b074598b) Importer(815301076,1909f56bfc062723c751e8b465ee728b)
Start importing Assets/Modelos e prefabs/oficina_1.fbx using Guid(f2f464c11ac8e4a498364c32b074598b) Importer(815301076,1909f56bfc062723c751e8b465ee728b)  -> (artifact id: '988eb60c20a65fa59bbc7bf4b54ec3c2') in 0.021375 seconds 
========================================================================
Received Import Request.
  Time since last request: 0.000035 seconds.
  path: Assets/Modelos e prefabs/ConeEstacionamento.fbx
  artifactKey: Guid(8d28b978e2ae55747b27ea5407c17f9d) Importer(815301076,1909f56bfc062723c751e8b465ee728b)
Start importing Assets/Modelos e prefabs/ConeEstacionamento.fbx using Guid(8d28b978e2ae55747b27ea5407c17f9d) Importer(815301076,1909f56bfc062723c751e8b465ee728b)  -> (artifact id: 'db0660c0d102a94c4ebf7486880fe804') in 0.060198 seconds 
========================================================================
Received Import Request.
  Time since last request: 0.000029 seconds.
  path: Assets/Modelos e prefabs/Praca_1.fbx
  artifactKey: Guid(7b70fdcaed4160b45b8894713c0e9a75) Importer(815301076,1909f56bfc062723c751e8b465ee728b)
Start importing Assets/Modelos e prefabs/Praca_1.fbx using Guid(7b70fdcaed4160b45b8894713c0e9a75) Importer(815301076,1909f56bfc062723c751e8b465ee728b)  -> (artifact id: 'e9e1b7234bd8bbea6f0f1bd5b15b8c70') in 0.019691 seconds 
========================================================================
Received Import Request.
  Time since last request: 0.000035 seconds.
  path: Assets/Modelos e prefabs/PrecoGasolina.fbx
  artifactKey: Guid(68c25a8643fdc51408fb4a85975052d4) Importer(815301076,1909f56bfc062723c751e8b465ee728b)
Start importing Assets/Modelos e prefabs/PrecoGasolina.fbx using Guid(68c25a8643fdc51408fb4a85975052d4) Importer(815301076,1909f56bfc062723c751e8b465ee728b)  -> (artifact id: 'cee99f1a74d1d13254fd27b06e1df776') in 0.016567 seconds 
========================================================================
Received Import Request.
  Time since last request: 0.000017 seconds.
  path: Assets/Modelos e prefabs/RuaReta.fbx
  artifactKey: Guid(e1b7731a7a811464085f2786eb149169) Importer(815301076,1909f56bfc062723c751e8b465ee728b)
Start importing Assets/Modelos e prefabs/RuaReta.fbx using Guid(e1b7731a7a811464085f2786eb149169) Importer(815301076,1909f56bfc062723c751e8b465ee728b)  -> (artifact id: 'c602201615ff755d6b894d3e83cfd7a4') in 0.016740 seconds 
========================================================================
Received Import Request.
  Time since last request: 0.000025 seconds.
  path: Assets/Modelos e prefabs/RuaVira.fbx
  artifactKey: Guid(db3c9546837ba3149b268de7e4d5812e) Importer(815301076,1909f56bfc062723c751e8b465ee728b)
Start importing Assets/Modelos e prefabs/RuaVira.fbx using Guid(db3c9546837ba3149b268de7e4d5812e) Importer(815301076,1909f56bfc062723c751e8b465ee728b)  -> (artifact id: '5ba914060e06fd774351a2e93c616d9e') in 0.015442 seconds 
========================================================================
Received Import Request.
  Time since last request: 0.000025 seconds.
  path: Assets/Modelos e prefabs/LavaJatoLvl3 (1).fbx
  artifactKey: Guid(06a04416fb2303d48bd7891b7b2372c9) Importer(815301076,1909f56bfc062723c751e8b465ee728b)
Start importing Assets/Modelos e prefabs/LavaJatoLvl3 (1).fbx using Guid(06a04416fb2303d48bd7891b7b2372c9) Importer(815301076,1909f56bfc062723c751e8b465ee728b)  -> (artifact id: '94a52bc93bd453f063db5af6580de221') in 0.056310 seconds 
========================================================================
Received Import Request.
  Time since last request: 0.000015 seconds.
  path: Assets/Modelos e prefabs/Praca_2 (1).fbx
  artifactKey: Guid(53e08d66804527345b6e75dfd1e8b8e0) Importer(815301076,1909f56bfc062723c751e8b465ee728b)
Start importing Assets/Modelos e prefabs/Praca_2 (1).fbx using Guid(53e08d66804527345b6e75dfd1e8b8e0) Importer(815301076,1909f56bfc062723c751e8b465ee728b)  -> (artifact id: 'fce2013de2c121d36c940c4b40ecbc8d') in 0.038210 seconds 
========================================================================
Received Import Request.
  Time since last request: 0.000037 seconds.
  path: Assets/Modelos e prefabs/Cenario.fbx
  artifactKey: Guid(6d9a36c1cf1aa15469ac6997dedca6f1) Importer(815301076,1909f56bfc062723c751e8b465ee728b)
Start importing Assets/Modelos e prefabs/Cenario.fbx using Guid(6d9a36c1cf1aa15469ac6997dedca6f1) Importer(815301076,1909f56bfc062723c751e8b465ee728b)  -> (artifact id: 'fecc40b92bdf16d2b68beb2412be2009') in 3.344620 seconds 
========================================================================
Received Import Request.
  Time since last request: 104.619970 seconds.
  path: Assets/Modelos e prefabs/placa.fbx
  artifactKey: Guid(4de3d493e4371b240882c4ee54c0c7ee) Importer(815301076,1909f56bfc062723c751e8b465ee728b)
Start importing Assets/Modelos e prefabs/placa.fbx using Guid(4de3d493e4371b240882c4ee54c0c7ee) Importer(815301076,1909f56bfc062723c751e8b465ee728b)  -> (artifact id: 'dcee64af3dcacf57fb2d55a55eb82f1f') in 0.021790 seconds 
========================================================================
Received Import Request.
  Time since last request: 66.258293 seconds.
  path: Assets/Modelos e prefabs/Novos/Estruturas/LavaJato.M.fbx
  artifactKey: Guid(79d6788224db21b4b8cf5e274fccc09a) Importer(815301076,1909f56bfc062723c751e8b465ee728b)
Start importing Assets/Modelos e prefabs/Novos/Estruturas/LavaJato.M.fbx using Guid(79d6788224db21b4b8cf5e274fccc09a) Importer(815301076,1909f56bfc062723c751e8b465ee728b)  -> (artifact id: 'f330d7c59b9e72028a5db8e85349eb0f') in 0.025321 seconds 
========================================================================
Received Import Request.
  Time since last request: 0.500605 seconds.
  path: Assets/Modelos e prefabs/Novos/Estruturas/Loja.M.fbx
  artifactKey: Guid(91a06cebb590fde4b856b78f77518aae) Importer(815301076,1909f56bfc062723c751e8b465ee728b)
Start importing Assets/Modelos e prefabs/Novos/Estruturas/Loja.M.fbx using Guid(91a06cebb590fde4b856b78f77518aae) Importer(815301076,1909f56bfc062723c751e8b465ee728b)  -> (artifact id: '8da5141757b6539fe8e19d9b6ee3e176') in 0.036173 seconds 
========================================================================
Received Import Request.
  Time since last request: 1.007529 seconds.
  path: Assets/fbxCarros/CarSuv.yellow.fbx
  artifactKey: Guid(bb58b799eb99c55449eb066e2254c9d3) Importer(815301076,1909f56bfc062723c751e8b465ee728b)
Start importing Assets/fbxCarros/CarSuv.yellow.fbx using Guid(bb58b799eb99c55449eb066e2254c9d3) Importer(815301076,1909f56bfc062723c751e8b465ee728b)  -> (artifact id: 'd0c26ff5c54d1b8c6763b451f7bec3d8') in 0.023095 seconds 
========================================================================
Received Import Request.
  Time since last request: 0.000017 seconds.
  path: Assets/fbxCarros/CarSuv.purple.fbx
  artifactKey: Guid(3b838e553d86d4b4f9c3b31737d86d19) Importer(815301076,1909f56bfc062723c751e8b465ee728b)
Start importing Assets/fbxCarros/CarSuv.purple.fbx using Guid(3b838e553d86d4b4f9c3b31737d86d19) Importer(815301076,1909f56bfc062723c751e8b465ee728b)  -> (artifact id: '42dcd763009d2fbb18794835404851a8') in 0.027335 seconds 
========================================================================
Received Import Request.
  Time since last request: 0.000027 seconds.
  path: Assets/fbxCarros/CarSuv.green.fbx
  artifactKey: Guid(54cb0b94c3de5ae4281edb6fde7c59cf) Importer(815301076,1909f56bfc062723c751e8b465ee728b)
Start importing Assets/fbxCarros/CarSuv.green.fbx using Guid(54cb0b94c3de5ae4281edb6fde7c59cf) Importer(815301076,1909f56bfc062723c751e8b465ee728b)  -> (artifact id: 'b4b6ab25985a90f708d2e11a73845c02') in 0.026424 seconds 
========================================================================
Received Import Request.
  Time since last request: 0.018209 seconds.
  path: Assets/fbxCarros/CarSuv.blue.fbx
  artifactKey: Guid(6743721f052fbd947a50c1d8bd466676) Importer(815301076,1909f56bfc062723c751e8b465ee728b)
Start importing Assets/fbxCarros/CarSuv.blue.fbx using Guid(6743721f052fbd947a50c1d8bd466676) Importer(815301076,1909f56bfc062723c751e8b465ee728b)  -> (artifact id: '7ecc348c0b3bf4f2a533bf912cb3aba7') in 0.029324 seconds 
========================================================================
Received Import Request.
  Time since last request: 0.470557 seconds.
  path: Assets/fbxCarros/CarSport.yellow.fbx
  artifactKey: Guid(5fcadad3f0746494fb2967d68d0a0a1e) Importer(815301076,1909f56bfc062723c751e8b465ee728b)
Start importing Assets/fbxCarros/CarSport.yellow.fbx using Guid(5fcadad3f0746494fb2967d68d0a0a1e) Importer(815301076,1909f56bfc062723c751e8b465ee728b)  -> (artifact id: 'e987a369608798f0348dc82fa449838f') in 0.020711 seconds 
========================================================================
Received Import Request.
  Time since last request: 0.000015 seconds.
  path: Assets/fbxCarros/CarSport.pink.fbx
  artifactKey: Guid(918092152b72298429e512e07ed01898) Importer(815301076,1909f56bfc062723c751e8b465ee728b)
Start importing Assets/fbxCarros/CarSport.pink.fbx using Guid(918092152b72298429e512e07ed01898) Importer(815301076,1909f56bfc062723c751e8b465ee728b)  -> (artifact id: 'c5aad81aa578429e1e55eea172467e24') in 0.021893 seconds 
========================================================================
Received Import Request.
  Time since last request: 0.021609 seconds.
  path: Assets/fbxCarros/CarSport.orange.fbx
  artifactKey: Guid(b6f41a0d8e3f3d241ba7f0298af278d5) Importer(815301076,1909f56bfc062723c751e8b465ee728b)
Start importing Assets/fbxCarros/CarSport.orange.fbx using Guid(b6f41a0d8e3f3d241ba7f0298af278d5) Importer(815301076,1909f56bfc062723c751e8b465ee728b)  -> (artifact id: '3f7f7fa31f1ba64b329de6e2654b6375') in 0.016188 seconds 
========================================================================
Received Import Request.
  Time since last request: 1.547980 seconds.
  path: Assets/MeshCarros/oficina_g.fbx
  artifactKey: Guid(7d060734a89d7644da1eaf49976afdb6) Importer(815301076,1909f56bfc062723c751e8b465ee728b)
Start importing Assets/MeshCarros/oficina_g.fbx using Guid(7d060734a89d7644da1eaf49976afdb6) Importer(815301076,1909f56bfc062723c751e8b465ee728b)  -> (artifact id: '4ba95a3c494ba5e8ceedc37dd1a2b857') in 0.017760 seconds 
========================================================================
Received Import Request.
  Time since last request: 0.015903 seconds.
  path: Assets/MeshCarros/oficina_m.fbx
  artifactKey: Guid(65a4885a048cf6547a262d8b54e90282) Importer(815301076,1909f56bfc062723c751e8b465ee728b)
Start importing Assets/MeshCarros/oficina_m.fbx using Guid(65a4885a048cf6547a262d8b54e90282) Importer(815301076,1909f56bfc062723c751e8b465ee728b)  -> (artifact id: '1e6fdb1d8285f55d513342ffb27b8c86') in 0.022683 seconds 
========================================================================
Received Import Request.
  Time since last request: 0.006845 seconds.
  path: Assets/Modelos e prefabs/Novos/Estruturas/Oficina_P.fbx
  artifactKey: Guid(1f8dba4196334a54a922abe759ad7397) Importer(815301076,1909f56bfc062723c751e8b465ee728b)
Start importing Assets/Modelos e prefabs/Novos/Estruturas/Oficina_P.fbx using Guid(1f8dba4196334a54a922abe759ad7397) Importer(815301076,1909f56bfc062723c751e8b465ee728b)  -> (artifact id: '682082bdcf495fe0acea6b3ee1fd5b70') in 0.022785 seconds 
========================================================================
Received Import Request.
  Time since last request: 0.000026 seconds.
  path: Assets/Modelos e prefabs/Novos/Estruturas/Oficina_M.fbx
  artifactKey: Guid(1fe3136b3ee81b74e8f57938d66dd98b) Importer(815301076,1909f56bfc062723c751e8b465ee728b)
Start importing Assets/Modelos e prefabs/Novos/Estruturas/Oficina_M.fbx using Guid(1fe3136b3ee81b74e8f57938d66dd98b) Importer(815301076,1909f56bfc062723c751e8b465ee728b)  -> (artifact id: '5e612481e756ab50c9cf73f7cb12e8f7') in 0.021820 seconds 
Editor requested this worker to shutdown with reason: Scaling down because of idle timeout
AssetImportWorker is now disconnected from the server
Process exiting
Exiting without the bug reporter. Application will terminate with return code 0