Using pre-set license
Built from '2021.2/staging' branch; Version is '2021.2.17f1 (efb8f635e7b1) revision 15710454'; Using compiler version '192829333'; Build Type 'Release'
OS: 'Windows 10  (10.0.19044) 64bit Professional' Language: 'pt' Physical Memory: 16292 MB
BatchMode: 1, IsHumanControllingUs: 0, StartBugReporterOnCrash: 0, Is64bit: 1, IsPro: 1

COMMAND LINE ARGUMENTS:
C:\Program Files\Unity\Hub\Editor\2021.2.17f1\Editor\Unity.exe
-adb2
-batchMode
-noUpm
-name
AssetImportWorker3
-projectPath
C:/Users/Pedro/Documents/Estacao7
-logFile
Logs/AssetImportWorker3.log
-srvPort
58507
Successfully changed project path to: C:/Users/Pedro/Documents/Estacao7
C:/Users/Pedro/Documents/Estacao7
[UnityMemory] Configuration Parameters - Can be set up in boot.config
    "memorysetup-bucket-allocator-granularity=16"
    "memorysetup-bucket-allocator-bucket-count=8"
    "memorysetup-bucket-allocator-block-size=33554432"
    "memorysetup-bucket-allocator-block-count=8"
    "memorysetup-main-allocator-block-size=16777216"
    "memorysetup-thread-allocator-block-size=16777216"
    "memorysetup-gfx-main-allocator-block-size=16777216"
    "memorysetup-gfx-thread-allocator-block-size=16777216"
    "memorysetup-cache-allocator-block-size=4194304"
    "memorysetup-typetree-allocator-block-size=2097152"
    "memorysetup-profiler-bucket-allocator-granularity=16"
    "memorysetup-profiler-bucket-allocator-bucket-count=8"
    "memorysetup-profiler-bucket-allocator-block-size=33554432"
    "memorysetup-profiler-bucket-allocator-block-count=8"
    "memorysetup-profiler-allocator-block-size=16777216"
    "memorysetup-profiler-editor-allocator-block-size=1048576"
    "memorysetup-temp-allocator-size-main=16777216"
    "memorysetup-job-temp-allocator-block-size=2097152"
    "memorysetup-job-temp-allocator-block-size-background=1048576"
    "memorysetup-job-temp-allocator-reduction-small-platforms=262144"
    "memorysetup-temp-allocator-size-background-worker=32768"
    "memorysetup-temp-allocator-size-job-worker=262144"
    "memorysetup-temp-allocator-size-preload-manager=33554432"
    "memorysetup-temp-allocator-size-nav-mesh-worker=65536"
    "memorysetup-temp-allocator-size-audio-worker=65536"
    "memorysetup-temp-allocator-size-cloud-worker=32768"
    "memorysetup-temp-allocator-size-gi-baking-worker=262144"
    "memorysetup-temp-allocator-size-gfx=262144"
Refreshing native plugins compatible for Editor in 42.57 ms, found 2 plugins.
Preloading 0 native plugins for Editor in 0.00 ms.
Initialize engine version: 2021.2.17f1 (efb8f635e7b1)
[Subsystems] Discovering subsystems at path C:/Program Files/Unity/Hub/Editor/2021.2.17f1/Editor/Data/Resources/UnitySubsystems
[Subsystems] Discovering subsystems at path C:/Users/Pedro/Documents/Estacao7/Assets
GfxDevice: creating device client; threaded=0; jobified=0
Direct3D:
    Version:  Direct3D 11.0 [level 11.1]
    Renderer: NVIDIA GeForce GTX 1660 Ti (ID=0x2182)
    Vendor:   NVIDIA
    VRAM:     5979 MB
    Driver:   31.0.15.2698
Initialize mono
Mono path[0] = 'C:/Program Files/Unity/Hub/Editor/2021.2.17f1/Editor/Data/Managed'
Mono path[1] = 'C:/Program Files/Unity/Hub/Editor/2021.2.17f1/Editor/Data/MonoBleedingEdge/lib/mono/unityjit-win32'
Mono config path = 'C:/Program Files/Unity/Hub/Editor/2021.2.17f1/Editor/Data/MonoBleedingEdge/etc'
Using monoOptions --debugger-agent=transport=dt_socket,embedding=1,server=y,suspend=n,address=127.0.0.1:56492
Begin MonoManager ReloadAssembly
Registering precompiled unity dll's ...
Register platform support module: C:/Program Files/Unity/Hub/Editor/2021.2.17f1/Editor/Data/PlaybackEngines/WebGLSupport/UnityEditor.WebGL.Extensions.dll
Register platform support module: C:/Program Files/Unity/Hub/Editor/2021.2.17f1/Editor/Data/PlaybackEngines/AndroidPlayer/UnityEditor.Android.Extensions.dll
Register platform support module: C:/Program Files/Unity/Hub/Editor/2021.2.17f1/Editor/Data/PlaybackEngines/iOSSupport/UnityEditor.iOS.Extensions.dll
Register platform support module: C:/Program Files/Unity/Hub/Editor/2021.2.17f1/Editor/Data/PlaybackEngines/WindowsStandaloneSupport/UnityEditor.WindowsStandalone.Extensions.dll
Register platform support module: C:/Program Files/Unity/Hub/Editor/2021.2.17f1/Editor/Data/PlaybackEngines/MetroSupport/UnityEditor.UWP.Extensions.dll
Registered in 0.014270 seconds.
Native extension for UWP target not found
Native extension for WindowsStandalone target not found
[usbmuxd] Start listen thread
[usbmuxd] Listen thread started
Native extension for iOS target not found
Native extension for Android target not found
Native extension for WebGL target not found
Refreshing native plugins compatible for Editor in 31.02 ms, found 2 plugins.
Preloading 0 native plugins for Editor in 0.00 ms.
Mono: successfully reloaded assembly
- Completed reload, in  0.694 seconds
Domain Reload Profiling:
	ReloadAssembly (695ms)
		BeginReloadAssembly (83ms)
			ExecutionOrderSort (0ms)
			DisableScriptedObjects (0ms)
			BackupInstance (0ms)
			ReleaseScriptingObjects (0ms)
			CreateAndSetChildDomain (1ms)
		EndReloadAssembly (480ms)
			LoadAssemblies (82ms)
			RebuildTransferFunctionScriptingTraits (0ms)
			SetupTypeCache (128ms)
			ReleaseScriptCaches (0ms)
			RebuildScriptCaches (36ms)
			SetupLoadedEditorAssemblies (253ms)
				LogAssemblyErrors (0ms)
				InitializePlatformSupportModulesInManaged (73ms)
				SetLoadedEditorAssemblies (2ms)
				RefreshPlugins (31ms)
				BeforeProcessingInitializeOnLoad (1ms)
				ProcessInitializeOnLoadAttributes (99ms)
				ProcessInitializeOnLoadMethodAttributes (47ms)
				AfterProcessingInitializeOnLoad (0ms)
				EditorAssembliesLoaded (0ms)
			ExecutionOrderSort2 (0ms)
			AwakeInstancesAfterBackupRestoration (0ms)
Platform modules already initialized, skipping
Registering precompiled user dll's ...
Registered in 0.003029 seconds.
Multiple ADB server instances found, the following ADB server instance have been terminated due to being run from another SDK. Process paths: 
C:\Program Files\Unity\Hub\Editor\2021.2.3f1\Editor\Data\PlaybackEngines\AndroidPlayer\SDK\platform-tools\adb.exe
UnityEngine.StackTraceUtility:ExtractStackTrace ()
UnityEngine.DebugLogHandler:LogFormat (UnityEngine.LogType,UnityEngine.Object,string,object[])
UnityEngine.Logger:Log (UnityEngine.LogType,object)
UnityEngine.Debug:Log (object)
UnityEditor.Android.AndroidDeploymentTargetsExtension:GetKnownTargets (UnityEditor.DeploymentTargets.IDeploymentTargetsMainThreadContext,UnityEditor.ProgressHandler)
UnityEditor.Android.TargetScanWorker:DoScan (UnityEditor.DeploymentTargets.IDeploymentTargetsExtension,UnityEditor.DeploymentTargets.IDeploymentTargetsMainThreadContext,System.Threading.CancellationToken)
UnityEditor.Android.TargetScanWorker/<>c__DisplayClass8_0:<Scan>b__0 ()
System.Threading.Tasks.Task:InnerInvoke ()
System.Threading.Tasks.Task:Execute ()
System.Threading.Tasks.Task:ExecutionContextCallback (object)
System.Threading.ExecutionContext:RunInternal (System.Threading.ExecutionContext,System.Threading.ContextCallback,object,bool)
System.Threading.ExecutionContext:Run (System.Threading.ExecutionContext,System.Threading.ContextCallback,object,bool)
System.Threading.Tasks.Task:ExecuteWithThreadLocal (System.Threading.Tasks.Task&)
System.Threading.Tasks.Task:ExecuteEntry (bool)
System.Threading.Tasks.Task:System.Threading.IThreadPoolWorkItem.ExecuteWorkItem ()
System.Threading.ThreadPoolWorkQueue:Dispatch ()
System.Threading._ThreadPoolWaitCallback:PerformWaitCallback ()

Begin MonoManager ReloadAssembly
Native extension for UWP target not found
Native extension for WindowsStandalone target not found
Native extension for iOS target not found
Native extension for Android target not found
Native extension for WebGL target not found
Refreshing native plugins compatible for Editor in 0.36 ms, found 2 plugins.
Preloading 0 native plugins for Editor in 0.00 ms.
Mono: successfully reloaded assembly
- Completed reload, in  1.068 seconds
Domain Reload Profiling:
	ReloadAssembly (1069ms)
		BeginReloadAssembly (231ms)
			ExecutionOrderSort (0ms)
			DisableScriptedObjects (7ms)
			BackupInstance (0ms)
			ReleaseScriptingObjects (0ms)
			CreateAndSetChildDomain (128ms)
		EndReloadAssembly (685ms)
			LoadAssemblies (85ms)
			RebuildTransferFunctionScriptingTraits (0ms)
			SetupTypeCache (198ms)
			ReleaseScriptCaches (0ms)
			RebuildScriptCaches (47ms)
			SetupLoadedEditorAssemblies (318ms)
				LogAssemblyErrors (0ms)
				InitializePlatformSupportModulesInManaged (32ms)
				SetLoadedEditorAssemblies (0ms)
				RefreshPlugins (0ms)
				BeforeProcessingInitializeOnLoad (56ms)
				ProcessInitializeOnLoadAttributes (188ms)
				ProcessInitializeOnLoadMethodAttributes (31ms)
				AfterProcessingInitializeOnLoad (10ms)
				EditorAssembliesLoaded (0ms)
			ExecutionOrderSort2 (0ms)
			AwakeInstancesAfterBackupRestoration (6ms)
Platform modules already initialized, skipping
========================================================================
Worker process is ready to serve import requests
Launched and connected shader compiler UnityShaderCompiler.exe after 0.06 seconds
Refreshing native plugins compatible for Editor in 0.56 ms, found 2 plugins.
Preloading 0 native plugins for Editor in 0.00 ms.
Unloading 1715 Unused Serialized files (Serialized files now loaded: 0)
Unloading 20 unused Assets / (55.8 KB). Loaded Objects now: 2190.
Memory consumption went from 148.6 MB to 148.6 MB.
Total: 3.917100 ms (FindLiveObjects: 0.179300 ms CreateObjectMapping: 0.091000 ms MarkObjects: 3.555700 ms  DeleteObjects: 0.089600 ms)

AssetImportParameters requested are different than current active one (requested -> active):
  custom:video-decoder-ogg-theora: a1e56fd34408186e4bbccfd4996cb3dc -> 
  custom:container-muxer-webm: aa71ff27fc2769a1b78a27578f13a17b -> 
  custom:container-demuxer-webm: 4f35f7cbe854078d1ac9338744f61a02 -> 
  custom:video-encoder-webm-vp8: eb34c28f22e8b96e1ab97ce403110664 -> 
  custom:audio-encoder-webm-vorbis: bf7c407c2cedff20999df2af8eb42d56 -> 
  custom:framework-win-MediaFoundation: 216162199b28c13a410421893ffa2e32 -> 
  custom:container-demuxer-ogg: 62fdf1f143b41e24485cea50d1cbac27 -> 
  custom:video-decoder-webm-vp8: 9c59270c3fd7afecdb556c50c9e8de78 -> 
  custom:audio-decoder-ogg-vorbis: bf7c407c2cedff20999df2af8eb42d56 -> 
========================================================================
Received Prepare
Registering precompiled user dll's ...
Registered in 0.003543 seconds.
Begin MonoManager ReloadAssembly
Native extension for UWP target not found
Native extension for WindowsStandalone target not found
Native extension for iOS target not found
Native extension for Android target not found
Native extension for WebGL target not found
Refreshing native plugins compatible for Editor in 0.60 ms, found 2 plugins.
Preloading 0 native plugins for Editor in 0.00 ms.
Mono: successfully reloaded assembly
- Completed reload, in  1.231 seconds
Domain Reload Profiling:
	ReloadAssembly (1232ms)
		BeginReloadAssembly (162ms)
			ExecutionOrderSort (0ms)
			DisableScriptedObjects (9ms)
			BackupInstance (0ms)
			ReleaseScriptingObjects (0ms)
			CreateAndSetChildDomain (33ms)
		EndReloadAssembly (940ms)
			LoadAssemblies (110ms)
			RebuildTransferFunctionScriptingTraits (0ms)
			SetupTypeCache (276ms)
			ReleaseScriptCaches (1ms)
			RebuildScriptCaches (52ms)
			SetupLoadedEditorAssemblies (450ms)
				LogAssemblyErrors (0ms)
				InitializePlatformSupportModulesInManaged (65ms)
				SetLoadedEditorAssemblies (1ms)
				RefreshPlugins (1ms)
				BeforeProcessingInitializeOnLoad (76ms)
				ProcessInitializeOnLoadAttributes (252ms)
				ProcessInitializeOnLoadMethodAttributes (41ms)
				AfterProcessingInitializeOnLoad (14ms)
				EditorAssembliesLoaded (0ms)
			ExecutionOrderSort2 (0ms)
			AwakeInstancesAfterBackupRestoration (10ms)
Platform modules already initialized, skipping
Refreshing native plugins compatible for Editor in 1.80 ms, found 2 plugins.
Preloading 0 native plugins for Editor in 0.00 ms.
Unloading 1697 Unused Serialized files (Serialized files now loaded: 0)
Unloading 11 unused Assets / (72.5 KB). Loaded Objects now: 2194.
Memory consumption went from 147.4 MB to 147.3 MB.
Total: 2.872700 ms (FindLiveObjects: 0.189400 ms CreateObjectMapping: 0.125600 ms MarkObjects: 2.421500 ms  DeleteObjects: 0.134800 ms)

AssetImportParameters requested are different than current active one (requested -> active):
  custom:video-decoder-ogg-theora: a1e56fd34408186e4bbccfd4996cb3dc -> 
  custom:container-muxer-webm: aa71ff27fc2769a1b78a27578f13a17b -> 
  custom:container-demuxer-webm: 4f35f7cbe854078d1ac9338744f61a02 -> 
  custom:video-encoder-webm-vp8: eb34c28f22e8b96e1ab97ce403110664 -> 
  custom:audio-encoder-webm-vorbis: bf7c407c2cedff20999df2af8eb42d56 -> 
  custom:framework-win-MediaFoundation: 216162199b28c13a410421893ffa2e32 -> 
  custom:container-demuxer-ogg: 62fdf1f143b41e24485cea50d1cbac27 -> 
  custom:video-decoder-webm-vp8: 9c59270c3fd7afecdb556c50c9e8de78 -> 
  custom:audio-decoder-ogg-vorbis: bf7c407c2cedff20999df2af8eb42d56 -> 
========================================================================
Received Import Request.
  Time since last request: 133587.635469 seconds.
  path: Assets/CarroInutil/CarroInutil 3.prefab
  artifactKey: Guid(1fb69a8d1596ac24c912134c6edf8128) Importer(815301076,1909f56bfc062723c751e8b465ee728b)
Start importing Assets/CarroInutil/CarroInutil 3.prefab using Guid(1fb69a8d1596ac24c912134c6edf8128) Importer(815301076,1909f56bfc062723c751e8b465ee728b)  -> (artifact id: '30bf1b498d50f9beb25314ff8aa86952') in 0.137379 seconds 
========================================================================
Received Import Request.
  Time since last request: 0.646065 seconds.
  path: Assets/Carros/Cliente 3.prefab
  artifactKey: Guid(a11cac401fbf5934c8b424894b4c14c7) Importer(815301076,1909f56bfc062723c751e8b465ee728b)
Start importing Assets/Carros/Cliente 3.prefab using Guid(a11cac401fbf5934c8b424894b4c14c7) Importer(815301076,1909f56bfc062723c751e8b465ee728b)  -> (artifact id: 'b291351c1d7325404ded5df07cc78281') in 0.015020 seconds 
========================================================================
Received Import Request.
  Time since last request: 0.000019 seconds.
  path: Assets/Carros/Cliente 14.prefab
  artifactKey: Guid(417048cb38c29af4e8fb05f196fd41b5) Importer(815301076,1909f56bfc062723c751e8b465ee728b)
Start importing Assets/Carros/Cliente 14.prefab using Guid(417048cb38c29af4e8fb05f196fd41b5) Importer(815301076,1909f56bfc062723c751e8b465ee728b)  -> (artifact id: '33274f8ac928d1bcc9940833003ef1ff') in 0.014011 seconds 
========================================================================
Received Import Request.
  Time since last request: 0.000016 seconds.
  path: Assets/Carros/Cliente 6.prefab
  artifactKey: Guid(af1978f41be47a34ab1d6339f72128c4) Importer(815301076,1909f56bfc062723c751e8b465ee728b)
Start importing Assets/Carros/Cliente 6.prefab using Guid(af1978f41be47a34ab1d6339f72128c4) Importer(815301076,1909f56bfc062723c751e8b465ee728b)  -> (artifact id: '08166c52259aed85373c7cf73d96fbd6') in 0.013443 seconds 
========================================================================
Received Import Request.
  Time since last request: 0.000015 seconds.
  path: Assets/Carros/Cliente 7.prefab
  artifactKey: Guid(16861bead38422746a1750ff6a1bb555) Importer(815301076,1909f56bfc062723c751e8b465ee728b)
Start importing Assets/Carros/Cliente 7.prefab using Guid(16861bead38422746a1750ff6a1bb555) Importer(815301076,1909f56bfc062723c751e8b465ee728b)  -> (artifact id: 'f31c6caa080d28cc9e0c53d9a9ee4bae') in 0.014384 seconds 
========================================================================
Received Import Request.
  Time since last request: 0.000016 seconds.
  path: Assets/Carros/Cliente 21.prefab
  artifactKey: Guid(bb576ee2b7a41284a806773d3e494c9a) Importer(815301076,1909f56bfc062723c751e8b465ee728b)
Start importing Assets/Carros/Cliente 21.prefab using Guid(bb576ee2b7a41284a806773d3e494c9a) Importer(815301076,1909f56bfc062723c751e8b465ee728b)  -> (artifact id: '8b8203477aa9f83e9acfb5b7acb0659b') in 0.013919 seconds 
========================================================================
Received Import Request.
  Time since last request: 0.000016 seconds.
  path: Assets/Carros/Cliente 4.prefab
  artifactKey: Guid(38a0003dd27506248a6877149db3f215) Importer(815301076,1909f56bfc062723c751e8b465ee728b)
Start importing Assets/Carros/Cliente 4.prefab using Guid(38a0003dd27506248a6877149db3f215) Importer(815301076,1909f56bfc062723c751e8b465ee728b)  -> (artifact id: '8f554a7371e867e411ae684949cddb6c') in 0.013572 seconds 
========================================================================
Received Import Request.
  Time since last request: 0.000016 seconds.
  path: Assets/Carros/Cliente 13.prefab
  artifactKey: Guid(ea898adecf04fa049a7a1a6fa9fc7b8d) Importer(815301076,1909f56bfc062723c751e8b465ee728b)
Start importing Assets/Carros/Cliente 13.prefab using Guid(ea898adecf04fa049a7a1a6fa9fc7b8d) Importer(815301076,1909f56bfc062723c751e8b465ee728b)  -> (artifact id: 'f562634546ea62d39cfde650700369c6') in 0.015654 seconds 
========================================================================
Received Import Request.
  Time since last request: 0.000021 seconds.
  path: Assets/Carros/Cliente 23.prefab
  artifactKey: Guid(f89e5937d642c764b88369f52f209493) Importer(815301076,1909f56bfc062723c751e8b465ee728b)
Start importing Assets/Carros/Cliente 23.prefab using Guid(f89e5937d642c764b88369f52f209493) Importer(815301076,1909f56bfc062723c751e8b465ee728b)  -> (artifact id: 'ee668a9683fed55ae2a84b6ff37606e1') in 0.015573 seconds 
========================================================================
Received Import Request.
  Time since last request: 20.936362 seconds.
  path: Assets/CarroInutil/CarroInutil 4.prefab
  artifactKey: Guid(de674647c6de55b449063ce4d2204a1f) Importer(815301076,1909f56bfc062723c751e8b465ee728b)
Start importing Assets/CarroInutil/CarroInutil 4.prefab using Guid(de674647c6de55b449063ce4d2204a1f) Importer(815301076,1909f56bfc062723c751e8b465ee728b)  -> (artifact id: '42f3355c910bac113e993ef1ecdbc764') in 0.043495 seconds 
========================================================================
Received Import Request.
  Time since last request: 19.511046 seconds.
  path: Assets/Carros/Cliente 4.prefab
  artifactKey: Guid(38a0003dd27506248a6877149db3f215) Importer(815301076,1909f56bfc062723c751e8b465ee728b)
Start importing Assets/Carros/Cliente 4.prefab using Guid(38a0003dd27506248a6877149db3f215) Importer(815301076,1909f56bfc062723c751e8b465ee728b)  -> (artifact id: 'a62e94ce2f1bae45f7476cc218ac7423') in 0.015407 seconds 
========================================================================
Received Import Request.
  Time since last request: 0.000017 seconds.
  path: Assets/Carros/Cliente 14.prefab
  artifactKey: Guid(417048cb38c29af4e8fb05f196fd41b5) Importer(815301076,1909f56bfc062723c751e8b465ee728b)
Start importing Assets/Carros/Cliente 14.prefab using Guid(417048cb38c29af4e8fb05f196fd41b5) Importer(815301076,1909f56bfc062723c751e8b465ee728b)  -> (artifact id: '114ed9ecf645547c3247b888a5aba44b') in 0.015559 seconds 
========================================================================
Received Import Request.
  Time since last request: 0.000040 seconds.
  path: Assets/Carros/Cliente 6.prefab
  artifactKey: Guid(af1978f41be47a34ab1d6339f72128c4) Importer(815301076,1909f56bfc062723c751e8b465ee728b)
Start importing Assets/Carros/Cliente 6.prefab using Guid(af1978f41be47a34ab1d6339f72128c4) Importer(815301076,1909f56bfc062723c751e8b465ee728b)  -> (artifact id: '48d9c91b65ad21f8336a9b17de549520') in 0.013000 seconds 
========================================================================
Received Import Request.
  Time since last request: 0.000057 seconds.
  path: Assets/Carros/Cliente 7.prefab
  artifactKey: Guid(16861bead38422746a1750ff6a1bb555) Importer(815301076,1909f56bfc062723c751e8b465ee728b)
Start importing Assets/Carros/Cliente 7.prefab using Guid(16861bead38422746a1750ff6a1bb555) Importer(815301076,1909f56bfc062723c751e8b465ee728b)  -> (artifact id: 'ce89c4a99407fa33e06df7ac72e6a1fd') in 0.012516 seconds 
========================================================================
Received Import Request.
  Time since last request: 0.000038 seconds.
  path: Assets/Carros/Cliente 21.prefab
  artifactKey: Guid(bb576ee2b7a41284a806773d3e494c9a) Importer(815301076,1909f56bfc062723c751e8b465ee728b)
Start importing Assets/Carros/Cliente 21.prefab using Guid(bb576ee2b7a41284a806773d3e494c9a) Importer(815301076,1909f56bfc062723c751e8b465ee728b)  -> (artifact id: 'ec1fddecdb7cbd2b4257d1759540bf2c') in 0.011786 seconds 
========================================================================
Received Import Request.
  Time since last request: 0.000033 seconds.
  path: Assets/Carros/Cliente 17.prefab
  artifactKey: Guid(7a87e6be1e6e4ee46bd07523f70d57c8) Importer(815301076,1909f56bfc062723c751e8b465ee728b)
Start importing Assets/Carros/Cliente 17.prefab using Guid(7a87e6be1e6e4ee46bd07523f70d57c8) Importer(815301076,1909f56bfc062723c751e8b465ee728b)  -> (artifact id: '2d293329c3dd0ec301cde83faa26b7c8') in 0.012239 seconds 
========================================================================
Received Import Request.
  Time since last request: 0.000037 seconds.
  path: Assets/Carros/Cliente 11.prefab
  artifactKey: Guid(af24890c7bddb5a4c97516da8fe99cd2) Importer(815301076,1909f56bfc062723c751e8b465ee728b)
Start importing Assets/Carros/Cliente 11.prefab using Guid(af24890c7bddb5a4c97516da8fe99cd2) Importer(815301076,1909f56bfc062723c751e8b465ee728b)  -> (artifact id: 'a1447532c9c4e2f7729246d19c538094') in 0.017146 seconds 
Editor requested this worker to shutdown with reason: Scaling down because of idle timeout
AssetImportWorker is now disconnected from the server
Process exiting
Exiting without the bug reporter. Application will terminate with return code 0