Using pre-set license
Built from '2021.2/staging' branch; Version is '2021.2.17f1 (efb8f635e7b1) revision 15710454'; Using compiler version '192829333'; Build Type 'Release'
OS: 'Windows 10  (10.0.19044) 64bit Professional' Language: 'pt' Physical Memory: 16292 MB
BatchMode: 1, IsHumanControllingUs: 0, StartBugReporterOnCrash: 0, Is64bit: 1, IsPro: 1

COMMAND LINE ARGUMENTS:
C:\Program Files\Unity\Hub\Editor\2021.2.17f1\Editor\Unity.exe
-adb2
-batchMode
-noUpm
-name
AssetImportWorker3
-projectPath
C:/Users/Pedro/Documents/Estacao7
-logFile
Logs/AssetImportWorker3.log
-srvPort
63929
Successfully changed project path to: C:/Users/Pedro/Documents/Estacao7
C:/Users/Pedro/Documents/Estacao7
[UnityMemory] Configuration Parameters - Can be set up in boot.config
    "memorysetup-bucket-allocator-granularity=16"
    "memorysetup-bucket-allocator-bucket-count=8"
    "memorysetup-bucket-allocator-block-size=33554432"
    "memorysetup-bucket-allocator-block-count=8"
    "memorysetup-main-allocator-block-size=16777216"
    "memorysetup-thread-allocator-block-size=16777216"
    "memorysetup-gfx-main-allocator-block-size=16777216"
    "memorysetup-gfx-thread-allocator-block-size=16777216"
    "memorysetup-cache-allocator-block-size=4194304"
    "memorysetup-typetree-allocator-block-size=2097152"
    "memorysetup-profiler-bucket-allocator-granularity=16"
    "memorysetup-profiler-bucket-allocator-bucket-count=8"
    "memorysetup-profiler-bucket-allocator-block-size=33554432"
    "memorysetup-profiler-bucket-allocator-block-count=8"
    "memorysetup-profiler-allocator-block-size=16777216"
    "memorysetup-profiler-editor-allocator-block-size=1048576"
    "memorysetup-temp-allocator-size-main=16777216"
    "memorysetup-job-temp-allocator-block-size=2097152"
    "memorysetup-job-temp-allocator-block-size-background=1048576"
    "memorysetup-job-temp-allocator-reduction-small-platforms=262144"
    "memorysetup-temp-allocator-size-background-worker=32768"
    "memorysetup-temp-allocator-size-job-worker=262144"
    "memorysetup-temp-allocator-size-preload-manager=33554432"
    "memorysetup-temp-allocator-size-nav-mesh-worker=65536"
    "memorysetup-temp-allocator-size-audio-worker=65536"
    "memorysetup-temp-allocator-size-cloud-worker=32768"
    "memorysetup-temp-allocator-size-gi-baking-worker=262144"
    "memorysetup-temp-allocator-size-gfx=262144"
Refreshing native plugins compatible for Editor in 41.24 ms, found 2 plugins.
Preloading 0 native plugins for Editor in 0.00 ms.
Initialize engine version: 2021.2.17f1 (efb8f635e7b1)
[Subsystems] Discovering subsystems at path C:/Program Files/Unity/Hub/Editor/2021.2.17f1/Editor/Data/Resources/UnitySubsystems
[Subsystems] Discovering subsystems at path C:/Users/Pedro/Documents/Estacao7/Assets
GfxDevice: creating device client; threaded=0; jobified=0
Direct3D:
    Version:  Direct3D 11.0 [level 11.1]
    Renderer: NVIDIA GeForce GTX 1660 Ti (ID=0x2182)
    Vendor:   NVIDIA
    VRAM:     5979 MB
    Driver:   31.0.15.2698
Initialize mono
Mono path[0] = 'C:/Program Files/Unity/Hub/Editor/2021.2.17f1/Editor/Data/Managed'
Mono path[1] = 'C:/Program Files/Unity/Hub/Editor/2021.2.17f1/Editor/Data/MonoBleedingEdge/lib/mono/unityjit-win32'
Mono config path = 'C:/Program Files/Unity/Hub/Editor/2021.2.17f1/Editor/Data/MonoBleedingEdge/etc'
Using monoOptions --debugger-agent=transport=dt_socket,embedding=1,server=y,suspend=n,address=127.0.0.1:56976
Begin MonoManager ReloadAssembly
Registering precompiled unity dll's ...
Register platform support module: C:/Program Files/Unity/Hub/Editor/2021.2.17f1/Editor/Data/PlaybackEngines/WebGLSupport/UnityEditor.WebGL.Extensions.dll
Register platform support module: C:/Program Files/Unity/Hub/Editor/2021.2.17f1/Editor/Data/PlaybackEngines/AndroidPlayer/UnityEditor.Android.Extensions.dll
Register platform support module: C:/Program Files/Unity/Hub/Editor/2021.2.17f1/Editor/Data/PlaybackEngines/iOSSupport/UnityEditor.iOS.Extensions.dll
Register platform support module: C:/Program Files/Unity/Hub/Editor/2021.2.17f1/Editor/Data/PlaybackEngines/WindowsStandaloneSupport/UnityEditor.WindowsStandalone.Extensions.dll
Register platform support module: C:/Program Files/Unity/Hub/Editor/2021.2.17f1/Editor/Data/PlaybackEngines/MetroSupport/UnityEditor.UWP.Extensions.dll
Registered in 0.014971 seconds.
Native extension for UWP target not found
Native extension for WindowsStandalone target not found
[usbmuxd] Start listen thread
[usbmuxd] Listen thread started
Native extension for iOS target not found
Native extension for Android target not found
Native extension for WebGL target not found
Refreshing native plugins compatible for Editor in 39.77 ms, found 2 plugins.
Preloading 0 native plugins for Editor in 0.00 ms.
Mono: successfully reloaded assembly
- Completed reload, in  0.819 seconds
Domain Reload Profiling:
	ReloadAssembly (820ms)
		BeginReloadAssembly (91ms)
			ExecutionOrderSort (0ms)
			DisableScriptedObjects (0ms)
			BackupInstance (0ms)
			ReleaseScriptingObjects (0ms)
			CreateAndSetChildDomain (1ms)
		EndReloadAssembly (591ms)
			LoadAssemblies (89ms)
			RebuildTransferFunctionScriptingTraits (0ms)
			SetupTypeCache (146ms)
			ReleaseScriptCaches (0ms)
			RebuildScriptCaches (45ms)
			SetupLoadedEditorAssemblies (330ms)
				LogAssemblyErrors (0ms)
				InitializePlatformSupportModulesInManaged (104ms)
				SetLoadedEditorAssemblies (0ms)
				RefreshPlugins (40ms)
				BeforeProcessingInitializeOnLoad (2ms)
				ProcessInitializeOnLoadAttributes (123ms)
				ProcessInitializeOnLoadMethodAttributes (61ms)
				AfterProcessingInitializeOnLoad (0ms)
				EditorAssembliesLoaded (0ms)
			ExecutionOrderSort2 (0ms)
			AwakeInstancesAfterBackupRestoration (0ms)
Platform modules already initialized, skipping
Registering precompiled user dll's ...
Registered in 0.004330 seconds.
Begin MonoManager ReloadAssembly
Native extension for UWP target not found
Native extension for WindowsStandalone target not found
Native extension for iOS target not found
Native extension for Android target not found
Native extension for WebGL target not found
Refreshing native plugins compatible for Editor in 0.61 ms, found 2 plugins.
Preloading 0 native plugins for Editor in 0.00 ms.
Mono: successfully reloaded assembly
- Completed reload, in  1.356 seconds
Domain Reload Profiling:
	ReloadAssembly (1357ms)
		BeginReloadAssembly (260ms)
			ExecutionOrderSort (0ms)
			DisableScriptedObjects (9ms)
			BackupInstance (0ms)
			ReleaseScriptingObjects (0ms)
			CreateAndSetChildDomain (131ms)
		EndReloadAssembly (925ms)
			LoadAssemblies (111ms)
			RebuildTransferFunctionScriptingTraits (0ms)
			SetupTypeCache (264ms)
			ReleaseScriptCaches (1ms)
			RebuildScriptCaches (72ms)
			SetupLoadedEditorAssemblies (424ms)
				LogAssemblyErrors (0ms)
				InitializePlatformSupportModulesInManaged (45ms)
				SetLoadedEditorAssemblies (1ms)
				RefreshPlugins (1ms)
				BeforeProcessingInitializeOnLoad (76ms)
				ProcessInitializeOnLoadAttributes (250ms)
				ProcessInitializeOnLoadMethodAttributes (38ms)
				AfterProcessingInitializeOnLoad (12ms)
				EditorAssembliesLoaded (0ms)
			ExecutionOrderSort2 (0ms)
			AwakeInstancesAfterBackupRestoration (7ms)
Platform modules already initialized, skipping
========================================================================
Worker process is ready to serve import requests
Launched and connected shader compiler UnityShaderCompiler.exe after 0.05 seconds
Refreshing native plugins compatible for Editor in 0.51 ms, found 2 plugins.
Preloading 0 native plugins for Editor in 0.00 ms.
Unloading 1715 Unused Serialized files (Serialized files now loaded: 0)
Unloading 20 unused Assets / (55.8 KB). Loaded Objects now: 2190.
Memory consumption went from 148.5 MB to 148.5 MB.
Total: 3.832100 ms (FindLiveObjects: 0.164700 ms CreateObjectMapping: 0.091500 ms MarkObjects: 3.503000 ms  DeleteObjects: 0.071600 ms)

AssetImportParameters requested are different than current active one (requested -> active):
  custom:video-decoder-ogg-theora: a1e56fd34408186e4bbccfd4996cb3dc -> 
  custom:container-muxer-webm: aa71ff27fc2769a1b78a27578f13a17b -> 
  custom:container-demuxer-webm: 4f35f7cbe854078d1ac9338744f61a02 -> 
  custom:video-encoder-webm-vp8: eb34c28f22e8b96e1ab97ce403110664 -> 
  custom:audio-encoder-webm-vorbis: bf7c407c2cedff20999df2af8eb42d56 -> 
  custom:framework-win-MediaFoundation: 216162199b28c13a410421893ffa2e32 -> 
  custom:container-demuxer-ogg: 62fdf1f143b41e24485cea50d1cbac27 -> 
  custom:video-decoder-webm-vp8: 9c59270c3fd7afecdb556c50c9e8de78 -> 
  custom:audio-decoder-ogg-vorbis: bf7c407c2cedff20999df2af8eb42d56 -> 
========================================================================
Received Import Request.
  Time since last request: 96515.333742 seconds.
  path: Assets/posicoes/CheckLava.prefab
  artifactKey: Guid(1370a90637533c24d9760884015f9f90) Importer(815301076,1909f56bfc062723c751e8b465ee728b)
Start importing Assets/posicoes/CheckLava.prefab using Guid(1370a90637533c24d9760884015f9f90) Importer(815301076,1909f56bfc062723c751e8b465ee728b)  -> (artifact id: '1c401ceb68e0eaaf8843b0bc2736195d') in 0.056821 seconds 
========================================================================
Received Import Request.
  Time since last request: 0.000023 seconds.
  path: Assets/posicoes/saidaOficina.prefab
  artifactKey: Guid(dd60c2945b88b764f883775eefb80a31) Importer(815301076,1909f56bfc062723c751e8b465ee728b)
Start importing Assets/posicoes/saidaOficina.prefab using Guid(dd60c2945b88b764f883775eefb80a31) Importer(815301076,1909f56bfc062723c751e8b465ee728b)  -> (artifact id: '9cd0dfe740b70a39c8e86fa642ee4ea4') in 0.003848 seconds 
========================================================================
Received Import Request.
  Time since last request: 0.000024 seconds.
  path: Assets/posicoes/vagaO3.prefab
  artifactKey: Guid(412e11fd72c465d4b95344f2ab27459f) Importer(815301076,1909f56bfc062723c751e8b465ee728b)
Start importing Assets/posicoes/vagaO3.prefab using Guid(412e11fd72c465d4b95344f2ab27459f) Importer(815301076,1909f56bfc062723c751e8b465ee728b)  -> (artifact id: '799eac83c1dd1f7a9e08a09dfe361759') in 0.003785 seconds 
========================================================================
Received Import Request.
  Time since last request: 0.000029 seconds.
  path: Assets/posicoes/Garagem 1.prefab
  artifactKey: Guid(17a8113eeef5ddc458bf7f01d60c30ac) Importer(815301076,1909f56bfc062723c751e8b465ee728b)
Start importing Assets/posicoes/Garagem 1.prefab using Guid(17a8113eeef5ddc458bf7f01d60c30ac) Importer(815301076,1909f56bfc062723c751e8b465ee728b)  -> (artifact id: 'fb512cee37e5de7be56549435f7b7575') in 0.004246 seconds 
========================================================================
Received Import Request.
  Time since last request: 0.000023 seconds.
  path: Assets/posicoes/comida2.prefab
  artifactKey: Guid(3ff5d0d6806f4d24f9f8998c043b3c34) Importer(815301076,1909f56bfc062723c751e8b465ee728b)
Start importing Assets/posicoes/comida2.prefab using Guid(3ff5d0d6806f4d24f9f8998c043b3c34) Importer(815301076,1909f56bfc062723c751e8b465ee728b)  -> (artifact id: '03b26b3055f33e3e8b6043eb7141e0d7') in 0.006545 seconds 
========================================================================
Received Import Request.
  Time since last request: 0.000029 seconds.
  path: Assets/posicoes/Lava 1.prefab
  artifactKey: Guid(8138f305adb1093479749ddb4a57c140) Importer(815301076,1909f56bfc062723c751e8b465ee728b)
Start importing Assets/posicoes/Lava 1.prefab using Guid(8138f305adb1093479749ddb4a57c140) Importer(815301076,1909f56bfc062723c751e8b465ee728b)  -> (artifact id: '8d0845c8b3af7637b2b2562c5f2f2a2f') in 0.004451 seconds 
========================================================================
Received Import Request.
  Time since last request: 0.000022 seconds.
  path: Assets/posicoes/Conferir.prefab
  artifactKey: Guid(50962b4e361a55348963f8e97ed115a0) Importer(815301076,1909f56bfc062723c751e8b465ee728b)
Start importing Assets/posicoes/Conferir.prefab using Guid(50962b4e361a55348963f8e97ed115a0) Importer(815301076,1909f56bfc062723c751e8b465ee728b)  -> (artifact id: '5be1e4e69061005a0d33938c5046bec7') in 0.004151 seconds 
========================================================================
Received Import Request.
  Time since last request: 0.000023 seconds.
  path: Assets/posicoes/lazer 2.prefab
  artifactKey: Guid(1e2e5d54c7ce9d14f91fe4cd18cbaef0) Importer(815301076,1909f56bfc062723c751e8b465ee728b)
Start importing Assets/posicoes/lazer 2.prefab using Guid(1e2e5d54c7ce9d14f91fe4cd18cbaef0) Importer(815301076,1909f56bfc062723c751e8b465ee728b)  -> (artifact id: '65c93f932f72dd491ac53ffd0187130f') in 0.004201 seconds 
========================================================================
Received Import Request.
  Time since last request: 0.000022 seconds.
  path: Assets/posicoes/loja2.prefab
  artifactKey: Guid(eff8da07c13dafe4c90946ac509e2c50) Importer(815301076,1909f56bfc062723c751e8b465ee728b)
Start importing Assets/posicoes/loja2.prefab using Guid(eff8da07c13dafe4c90946ac509e2c50) Importer(815301076,1909f56bfc062723c751e8b465ee728b)  -> (artifact id: '1b27d777799d48eea7cc51e2c04afa7a') in 0.004725 seconds 
========================================================================
Received Import Request.
  Time since last request: 0.000027 seconds.
  path: Assets/posicoes/comida3.prefab
  artifactKey: Guid(ebbb9204415b3b74aa8f518d9376b4e4) Importer(815301076,1909f56bfc062723c751e8b465ee728b)
Start importing Assets/posicoes/comida3.prefab using Guid(ebbb9204415b3b74aa8f518d9376b4e4) Importer(815301076,1909f56bfc062723c751e8b465ee728b)  -> (artifact id: '5e2f5b56e10c63e5bd0f0f7debb930b0') in 0.004648 seconds 
========================================================================
Received Import Request.
  Time since last request: 0.000021 seconds.
  path: Assets/posicoes/Gerador.prefab
  artifactKey: Guid(ecd7b42209c23864d9f9a7188fdcc10d) Importer(815301076,1909f56bfc062723c751e8b465ee728b)
Start importing Assets/posicoes/Gerador.prefab using Guid(ecd7b42209c23864d9f9a7188fdcc10d) Importer(815301076,1909f56bfc062723c751e8b465ee728b)  -> (artifact id: 'ed4e506e29b283dd5e94166c155e9bec') in 0.004841 seconds 
========================================================================
Received Import Request.
  Time since last request: 0.000019 seconds.
  path: Assets/posicoes/vagaL2.prefab
  artifactKey: Guid(f21f6cf324c7b764792dbc92a222cfb6) Importer(815301076,1909f56bfc062723c751e8b465ee728b)
Start importing Assets/posicoes/vagaL2.prefab using Guid(f21f6cf324c7b764792dbc92a222cfb6) Importer(815301076,1909f56bfc062723c751e8b465ee728b)  -> (artifact id: '38176c098c65cf51285b474ed686fcdf') in 0.004102 seconds 
========================================================================
Received Import Request.
  Time since last request: 0.000020 seconds.
  path: Assets/posicoes/prevagaL2.prefab
  artifactKey: Guid(da2f84555060e8f458b8855141bfce17) Importer(815301076,1909f56bfc062723c751e8b465ee728b)
Start importing Assets/posicoes/prevagaL2.prefab using Guid(da2f84555060e8f458b8855141bfce17) Importer(815301076,1909f56bfc062723c751e8b465ee728b)  -> (artifact id: '2c5ee1bdddda3d1630581ac23c9a0162') in 0.008405 seconds 
========================================================================
Received Import Request.
  Time since last request: 0.000019 seconds.
  path: Assets/posicoes/Oficina3.prefab
  artifactKey: Guid(248b710809152994d98de7f834f35395) Importer(815301076,1909f56bfc062723c751e8b465ee728b)
Start importing Assets/posicoes/Oficina3.prefab using Guid(248b710809152994d98de7f834f35395) Importer(815301076,1909f56bfc062723c751e8b465ee728b)  -> (artifact id: '2d36d81a4bd17bff043a0692ff46b014') in 0.003881 seconds 
========================================================================
Received Import Request.
  Time since last request: 0.000022 seconds.
  path: Assets/posicoes/SaidaEsquerda.prefab
  artifactKey: Guid(c13f37860cca3534cb211c89b74da707) Importer(815301076,1909f56bfc062723c751e8b465ee728b)
Start importing Assets/posicoes/SaidaEsquerda.prefab using Guid(c13f37860cca3534cb211c89b74da707) Importer(815301076,1909f56bfc062723c751e8b465ee728b)  -> (artifact id: 'd7139d5a0d9bfa7a90faf778702047d9') in 0.003658 seconds 
========================================================================
Received Import Request.
  Time since last request: 1.130789 seconds.
  path: Assets/Modelos e prefabs/CarroRosa.fbx
  artifactKey: Guid(3bca6cde32d49fc45bf80d4e6f802d30) Importer(815301076,1909f56bfc062723c751e8b465ee728b)
Start importing Assets/Modelos e prefabs/CarroRosa.fbx using Guid(3bca6cde32d49fc45bf80d4e6f802d30) Importer(815301076,1909f56bfc062723c751e8b465ee728b)  -> (artifact id: '22a328976a1976bbb11bafba6d910a01') in 0.248470 seconds 
========================================================================
Received Import Request.
  Time since last request: 0.000029 seconds.
  path: Assets/Modelos e prefabs/PrecoGasolina.fbx
  artifactKey: Guid(68c25a8643fdc51408fb4a85975052d4) Importer(815301076,1909f56bfc062723c751e8b465ee728b)
Start importing Assets/Modelos e prefabs/PrecoGasolina.fbx using Guid(68c25a8643fdc51408fb4a85975052d4) Importer(815301076,1909f56bfc062723c751e8b465ee728b)  -> (artifact id: 'cee99f1a74d1d13254fd27b06e1df776') in 0.021782 seconds 
========================================================================
Received Import Request.
  Time since last request: 0.000087 seconds.
  path: Assets/Modelos e prefabs/GramaPedra.fbx
  artifactKey: Guid(e9bdf97a131c7c847a45f466763c2b8c) Importer(815301076,1909f56bfc062723c751e8b465ee728b)
Start importing Assets/Modelos e prefabs/GramaPedra.fbx using Guid(e9bdf97a131c7c847a45f466763c2b8c) Importer(815301076,1909f56bfc062723c751e8b465ee728b)  -> (artifact id: '7f4d34bad7cd6c5ad45393939d5f9cd8') in 0.040597 seconds 
========================================================================
Received Import Request.
  Time since last request: 0.000024 seconds.
  path: Assets/Modelos e prefabs/OficinaLvl2.fbx
  artifactKey: Guid(ab4512c273b54b248ba21f784279d5c3) Importer(815301076,1909f56bfc062723c751e8b465ee728b)
Start importing Assets/Modelos e prefabs/OficinaLvl2.fbx using Guid(ab4512c273b54b248ba21f784279d5c3) Importer(815301076,1909f56bfc062723c751e8b465ee728b)  -> (artifact id: 'd1fda142197dc3800e7348a763d379a0') in 0.062268 seconds 
========================================================================
Received Import Request.
  Time since last request: 0.000031 seconds.
  path: Assets/Modelos e prefabs/Cenario.fbx
  artifactKey: Guid(6d9a36c1cf1aa15469ac6997dedca6f1) Importer(815301076,1909f56bfc062723c751e8b465ee728b)
Start importing Assets/Modelos e prefabs/Cenario.fbx using Guid(6d9a36c1cf1aa15469ac6997dedca6f1) Importer(815301076,1909f56bfc062723c751e8b465ee728b)  -> (artifact id: 'fecc40b92bdf16d2b68beb2412be2009') in 3.803824 seconds 
========================================================================
Received Import Request.
  Time since last request: 6.820221 seconds.
  path: Assets/Modelos e prefabs/Novos/Rua.fbx
  artifactKey: Guid(dfbaab2f99e5c264fbf1c4b7111a540c) Importer(815301076,1909f56bfc062723c751e8b465ee728b)
Start importing Assets/Modelos e prefabs/Novos/Rua.fbx using Guid(dfbaab2f99e5c264fbf1c4b7111a540c) Importer(815301076,1909f56bfc062723c751e8b465ee728b)  -> (artifact id: 'd91b2b8490fcb646831544ca603990d6') in 0.023630 seconds 
Editor requested this worker to shutdown with reason: Scaling down because of idle timeout
AssetImportWorker is now disconnected from the server
Process exiting
Exiting without the bug reporter. Application will terminate with return code 0